2025-02-01 14:48:48,026 - INFO - Pod: workload-1738421327, Node: carbonaware-worker2, Intensity: 160.44, Region: NL, Type: Planned
2025-02-01 14:48:48,595 - INFO - Pod: workload-1738421327, Node: carbonaware-worker2, Intensity: 160.44, Region: NL, Type: Actual
2025-02-01 14:48:58,335 - INFO - Pod: workload-1738421338, Node: carbonaware-worker2, Intensity: 160.44, Region: NL, Type: Planned
2025-02-01 14:48:58,888 - INFO - Pod: workload-1738421338, Node: carbonaware-worker2, Intensity: 160.44, Region: NL, Type: Actual
2025-02-01 14:49:08,848 - INFO - Pod: workload-1738421348, Node: carbonaware-worker2, Intensity: 157.99, Region: NL, Type: Planned
2025-02-01 14:49:09,448 - INFO - Pod: workload-1738421348, Node: carbonaware-worker2, Intensity: 157.99, Region: NL, Type: Actual
2025-02-01 14:49:19,282 - INFO - Pod: workload-1738421359, Node: carbonaware-worker2, Intensity: 157.99, Region: NL, Type: Planned
2025-02-01 14:49:19,797 - INFO - Pod: workload-1738421359, Node: carbonaware-worker2, Intensity: 157.99, Region: NL, Type: Actual
2025-02-01 14:49:29,822 - INFO - Pod: workload-1738421369, Node: carbonaware-worker2, Intensity: 157.99, Region: NL, Type: Planned
2025-02-01 14:49:30,369 - INFO - Pod: workload-1738421369, Node: carbonaware-worker2, Intensity: 157.99, Region: NL, Type: Actual
2025-02-01 14:49:40,300 - INFO - Pod: workload-1738421380, Node: carbonaware-worker2, Intensity: 157.99, Region: NL, Type: Planned
2025-02-01 14:49:40,809 - INFO - Pod: workload-1738421380, Node: carbonaware-worker2, Intensity: 157.99, Region: NL, Type: Actual
2025-02-01 14:49:50,626 - INFO - Pod: workload-1738421390, Node: carbonaware-worker2, Intensity: 157.99, Region: NL, Type: Planned
2025-02-01 14:49:50,940 - INFO - Pod: workload-1738421390, Node: carbonaware-worker2, Intensity: 157.99, Region: NL, Type: Actual
2025-02-01 14:50:00,926 - INFO - Pod: workload-1738421400, Node: carbonaware-worker2, Intensity: 159.45, Region: NL, Type: Planned
2025-02-01 14:50:01,487 - INFO - Pod: workload-1738421400, Node: carbonaware-worker2, Intensity: 159.45, Region: NL, Type: Actual
2025-02-01 14:50:11,273 - INFO - Pod: workload-1738421411, Node: carbonaware-worker2, Intensity: 159.45, Region: NL, Type: Planned
2025-02-01 14:50:11,832 - INFO - Pod: workload-1738421411, Node: carbonaware-worker2, Intensity: 159.45, Region: NL, Type: Actual
2025-02-01 14:50:21,552 - INFO - Pod: workload-1738421421, Node: carbonaware-worker2, Intensity: 159.45, Region: NL, Type: Planned
2025-02-01 14:50:21,943 - INFO - Pod: workload-1738421421, Node: carbonaware-worker2, Intensity: 159.45, Region: NL, Type: Actual
2025-02-01 14:50:32,036 - INFO - Pod: workload-1738421432, Node: carbonaware-worker2, Intensity: 159.45, Region: NL, Type: Planned
2025-02-01 14:50:32,382 - INFO - Pod: workload-1738421432, Node: carbonaware-worker2, Intensity: 159.45, Region: NL, Type: Actual
2025-02-01 14:50:42,533 - INFO - Pod: workload-1738421442, Node: carbonaware-worker2, Intensity: 159.45, Region: NL, Type: Planned
2025-02-01 14:50:43,114 - INFO - Pod: workload-1738421442, Node: carbonaware-worker2, Intensity: 159.45, Region: NL, Type: Actual
2025-02-01 14:50:53,002 - INFO - Pod: workload-1738421452, Node: carbonaware-worker2, Intensity: 159.45, Region: NL, Type: Planned
2025-02-01 14:50:53,337 - INFO - Pod: workload-1738421452, Node: carbonaware-worker2, Intensity: 159.45, Region: NL, Type: Actual
2025-02-01 14:51:03,423 - INFO - Pod: workload-1738421463, Node: carbonaware-worker2, Intensity: 160.44, Region: NL, Type: Planned
2025-02-01 14:51:03,916 - INFO - Pod: workload-1738421463, Node: carbonaware-worker2, Intensity: 160.44, Region: NL, Type: Actual
2025-02-01 14:51:13,807 - INFO - Pod: workload-1738421473, Node: carbonaware-worker2, Intensity: 160.44, Region: NL, Type: Planned
2025-02-01 14:51:14,158 - INFO - Pod: workload-1738421473, Node: carbonaware-worker2, Intensity: 160.44, Region: NL, Type: Actual
2025-02-01 14:51:24,280 - INFO - Pod: workload-1738421484, Node: carbonaware-worker2, Intensity: 160.44, Region: NL, Type: Planned
2025-02-01 14:51:24,633 - INFO - Pod: workload-1738421484, Node: carbonaware-worker2, Intensity: 160.44, Region: NL, Type: Actual
2025-02-01 14:51:34,581 - INFO - Pod: workload-1738421494, Node: carbonaware-worker2, Intensity: 160.44, Region: NL, Type: Planned
2025-02-01 14:51:35,151 - INFO - Pod: workload-1738421494, Node: carbonaware-worker2, Intensity: 160.44, Region: NL, Type: Actual
2025-02-01 14:51:45,081 - INFO - Pod: workload-1738421505, Node: carbonaware-worker2, Intensity: 160.44, Region: NL, Type: Planned
2025-02-01 14:51:45,609 - INFO - Pod: workload-1738421505, Node: carbonaware-worker2, Intensity: 160.44, Region: NL, Type: Actual
2025-02-01 14:51:55,389 - INFO - Pod: workload-1738421515, Node: carbonaware-worker2, Intensity: 160.44, Region: NL, Type: Planned
2025-02-01 14:51:55,769 - INFO - Pod: workload-1738421515, Node: carbonaware-worker2, Intensity: 160.44, Region: NL, Type: Actual
2025-02-01 14:52:05,754 - INFO - Pod: workload-1738421525, Node: carbonaware-worker2, Intensity: 166.37, Region: NL, Type: Planned
2025-02-01 14:52:06,064 - INFO - Pod: workload-1738421525, Node: carbonaware-worker2, Intensity: 166.37, Region: NL, Type: Actual
2025-02-01 14:52:16,173 - INFO - Pod: workload-1738421536, Node: carbonaware-worker2, Intensity: 166.37, Region: NL, Type: Planned
2025-02-01 14:52:16,562 - INFO - Pod: workload-1738421536, Node: carbonaware-worker2, Intensity: 166.37, Region: NL, Type: Actual
2025-02-01 14:52:26,667 - INFO - Pod: workload-1738421546, Node: carbonaware-worker2, Intensity: 166.37, Region: NL, Type: Planned
2025-02-01 14:52:27,242 - INFO - Pod: workload-1738421546, Node: carbonaware-worker2, Intensity: 166.37, Region: NL, Type: Actual
2025-02-01 14:52:36,998 - INFO - Pod: workload-1738421556, Node: carbonaware-worker2, Intensity: 166.37, Region: NL, Type: Planned
2025-02-01 14:52:37,357 - INFO - Pod: workload-1738421556, Node: carbonaware-worker2, Intensity: 166.37, Region: NL, Type: Actual
2025-02-01 14:52:47,485 - INFO - Pod: workload-1738421567, Node: carbonaware-worker2, Intensity: 166.37, Region: NL, Type: Planned
2025-02-01 14:52:48,058 - INFO - Pod: workload-1738421567, Node: carbonaware-worker2, Intensity: 166.37, Region: NL, Type: Actual
2025-02-01 14:52:58,055 - INFO - Pod: workload-1738421577, Node: carbonaware-worker2, Intensity: 166.37, Region: NL, Type: Planned
2025-02-01 14:52:58,579 - INFO - Pod: workload-1738421577, Node: carbonaware-worker2, Intensity: 166.37, Region: NL, Type: Actual
2025-02-01 14:53:08,545 - INFO - Pod: workload-1738421588, Node: carbonaware-worker2, Intensity: 179.73, Region: NL, Type: Planned
2025-02-01 14:53:08,904 - INFO - Pod: workload-1738421588, Node: carbonaware-worker2, Intensity: 179.73, Region: NL, Type: Actual
2025-02-01 14:53:19,019 - INFO - Pod: workload-1738421598, Node: carbonaware-worker2, Intensity: 179.73, Region: NL, Type: Planned
2025-02-01 14:53:19,545 - INFO - Pod: workload-1738421598, Node: carbonaware-worker2, Intensity: 179.73, Region: NL, Type: Actual
2025-02-01 14:53:29,565 - INFO - Pod: workload-1738421609, Node: carbonaware-worker2, Intensity: 179.73, Region: NL, Type: Planned
2025-02-01 14:53:29,958 - INFO - Pod: workload-1738421609, Node: carbonaware-worker2, Intensity: 179.73, Region: NL, Type: Actual
2025-02-01 14:53:40,063 - INFO - Pod: workload-1738421620, Node: carbonaware-worker2, Intensity: 179.73, Region: NL, Type: Planned
2025-02-01 14:53:40,630 - INFO - Pod: workload-1738421620, Node: carbonaware-worker2, Intensity: 179.73, Region: NL, Type: Actual
2025-02-01 14:53:50,615 - INFO - Pod: workload-1738421630, Node: carbonaware-worker2, Intensity: 179.73, Region: NL, Type: Planned
2025-02-01 14:53:51,625 - INFO - Pod: workload-1738421630, Node: carbonaware-worker2, Intensity: 179.73, Region: NL, Type: Actual
2025-02-01 14:54:01,153 - INFO - Pod: workload-1738421641, Node: carbonaware-worker2, Intensity: 274.96, Region: NL, Type: Planned
2025-02-01 14:54:01,522 - INFO - Pod: workload-1738421641, Node: carbonaware-worker2, Intensity: 274.96, Region: NL, Type: Actual
2025-02-01 14:54:11,602 - INFO - Pod: workload-1738421651, Node: carbonaware-worker2, Intensity: 274.96, Region: NL, Type: Planned
2025-02-01 14:54:12,151 - INFO - Pod: workload-1738421651, Node: carbonaware-worker2, Intensity: 274.96, Region: NL, Type: Actual
2025-02-01 14:54:22,119 - INFO - Pod: workload-1738421662, Node: carbonaware-worker2, Intensity: 274.96, Region: NL, Type: Planned
2025-02-01 14:54:22,486 - INFO - Pod: workload-1738421662, Node: carbonaware-worker2, Intensity: 274.96, Region: NL, Type: Actual
2025-02-01 14:54:32,452 - INFO - Pod: workload-1738421672, Node: carbonaware-worker2, Intensity: 274.96, Region: NL, Type: Planned
2025-02-01 14:54:33,011 - INFO - Pod: workload-1738421672, Node: carbonaware-worker2, Intensity: 274.96, Region: NL, Type: Actual
2025-02-01 14:54:42,925 - INFO - Pod: workload-1738421682, Node: carbonaware-worker2, Intensity: 274.96, Region: NL, Type: Planned
2025-02-01 14:54:43,269 - INFO - Pod: workload-1738421682, Node: carbonaware-worker2, Intensity: 274.96, Region: NL, Type: Actual
2025-02-01 14:54:53,414 - INFO - Pod: workload-1738421693, Node: carbonaware-worker2, Intensity: 274.96, Region: NL, Type: Planned
2025-02-01 14:54:53,774 - INFO - Pod: workload-1738421693, Node: carbonaware-worker2, Intensity: 274.96, Region: NL, Type: Actual
2025-02-01 14:55:03,935 - INFO - Pod: workload-1738421703, Node: carbonaware-worker2, Intensity: 202.08, Region: NL, Type: Planned
2025-02-01 14:55:04,483 - INFO - Pod: workload-1738421703, Node: carbonaware-worker2, Intensity: 202.08, Region: NL, Type: Actual
2025-02-01 14:55:14,246 - INFO - Pod: workload-1738421714, Node: carbonaware-worker2, Intensity: 202.08, Region: NL, Type: Planned
2025-02-01 14:55:14,760 - INFO - Pod: workload-1738421714, Node: carbonaware-worker2, Intensity: 202.08, Region: NL, Type: Actual
2025-02-01 14:55:24,733 - INFO - Pod: workload-1738421724, Node: carbonaware-worker2, Intensity: 202.08, Region: NL, Type: Planned
2025-02-01 14:55:25,077 - INFO - Pod: workload-1738421724, Node: carbonaware-worker2, Intensity: 202.08, Region: NL, Type: Actual
2025-02-01 14:55:35,232 - INFO - Pod: workload-1738421735, Node: carbonaware-worker2, Intensity: 202.08, Region: NL, Type: Planned
2025-02-01 14:55:35,676 - INFO - Pod: workload-1738421735, Node: carbonaware-worker2, Intensity: 202.08, Region: NL, Type: Actual
2025-02-01 14:55:45,511 - INFO - Pod: workload-1738421745, Node: carbonaware-worker2, Intensity: 202.08, Region: NL, Type: Planned
2025-02-01 14:55:45,879 - INFO - Pod: workload-1738421745, Node: carbonaware-worker2, Intensity: 202.08, Region: NL, Type: Actual
2025-02-01 14:55:55,842 - INFO - Pod: workload-1738421755, Node: carbonaware-worker2, Intensity: 202.08, Region: NL, Type: Planned
2025-02-01 14:55:56,341 - INFO - Pod: workload-1738421755, Node: carbonaware-worker2, Intensity: 202.08, Region: NL, Type: Actual
2025-02-01 14:56:06,379 - INFO - Pod: workload-1738421766, Node: carbonaware-worker2, Intensity: 158.79, Region: NL, Type: Planned
2025-02-01 14:56:06,760 - INFO - Pod: workload-1738421766, Node: carbonaware-worker2, Intensity: 158.79, Region: NL, Type: Actual
2025-02-01 14:56:16,598 - INFO - Pod: workload-1738421776, Node: carbonaware-worker2, Intensity: 158.79, Region: NL, Type: Planned
2025-02-01 14:56:17,148 - INFO - Pod: workload-1738421776, Node: carbonaware-worker2, Intensity: 158.79, Region: NL, Type: Actual
2025-02-01 14:56:27,057 - INFO - Pod: workload-1738421787, Node: carbonaware-worker2, Intensity: 158.79, Region: NL, Type: Planned
2025-02-01 14:56:27,412 - INFO - Pod: workload-1738421787, Node: carbonaware-worker2, Intensity: 158.79, Region: NL, Type: Actual
2025-02-01 14:56:37,399 - INFO - Pod: workload-1738421797, Node: carbonaware-worker2, Intensity: 158.79, Region: NL, Type: Planned
2025-02-01 14:56:37,929 - INFO - Pod: workload-1738421797, Node: carbonaware-worker2, Intensity: 158.79, Region: NL, Type: Actual
2025-02-01 14:56:47,893 - INFO - Pod: workload-1738421807, Node: carbonaware-worker2, Intensity: 158.79, Region: NL, Type: Planned
2025-02-01 14:56:48,455 - INFO - Pod: workload-1738421807, Node: carbonaware-worker2, Intensity: 158.79, Region: NL, Type: Actual
2025-02-01 14:56:58,164 - INFO - Pod: workload-1738421818, Node: carbonaware-worker2, Intensity: 158.79, Region: NL, Type: Planned
2025-02-01 14:56:58,672 - INFO - Pod: workload-1738421818, Node: carbonaware-worker2, Intensity: 158.79, Region: NL, Type: Actual
2025-02-01 14:57:08,483 - INFO - Pod: workload-1738421828, Node: carbonaware-worker2, Intensity: 134.68, Region: NL, Type: Planned
2025-02-01 14:57:09,003 - INFO - Pod: workload-1738421828, Node: carbonaware-worker2, Intensity: 134.68, Region: NL, Type: Actual
2025-02-01 14:57:18,940 - INFO - Pod: workload-1738421838, Node: carbonaware-worker2, Intensity: 134.68, Region: NL, Type: Planned
2025-02-01 14:57:19,496 - INFO - Pod: workload-1738421838, Node: carbonaware-worker2, Intensity: 134.68, Region: NL, Type: Actual
2025-02-01 14:57:29,253 - INFO - Pod: workload-1738421849, Node: carbonaware-worker2, Intensity: 134.68, Region: NL, Type: Planned
2025-02-01 14:57:29,762 - INFO - Pod: workload-1738421849, Node: carbonaware-worker2, Intensity: 134.68, Region: NL, Type: Actual
2025-02-01 14:57:39,761 - INFO - Pod: workload-1738421859, Node: carbonaware-worker2, Intensity: 134.68, Region: NL, Type: Planned
2025-02-01 14:57:40,310 - INFO - Pod: workload-1738421859, Node: carbonaware-worker2, Intensity: 134.68, Region: NL, Type: Actual
2025-02-01 14:57:50,259 - INFO - Pod: workload-1738421870, Node: carbonaware-worker2, Intensity: 134.68, Region: NL, Type: Planned
2025-02-01 14:57:50,773 - INFO - Pod: workload-1738421870, Node: carbonaware-worker2, Intensity: 134.68, Region: NL, Type: Actual
2025-02-01 14:58:00,778 - INFO - Pod: workload-1738421880, Node: carbonaware-worker2, Intensity: 119.26, Region: NL, Type: Planned
2025-02-01 14:58:01,135 - INFO - Pod: workload-1738421880, Node: carbonaware-worker2, Intensity: 119.26, Region: NL, Type: Actual
2025-02-01 14:58:11,329 - INFO - Pod: workload-1738421891, Node: carbonaware-worker2, Intensity: 119.26, Region: NL, Type: Planned
2025-02-01 14:58:11,858 - INFO - Pod: workload-1738421891, Node: carbonaware-worker2, Intensity: 119.26, Region: NL, Type: Actual
2025-02-01 14:58:21,829 - INFO - Pod: workload-1738421901, Node: carbonaware-worker2, Intensity: 119.26, Region: NL, Type: Planned
2025-02-01 14:58:22,373 - INFO - Pod: workload-1738421901, Node: carbonaware-worker2, Intensity: 119.26, Region: NL, Type: Actual
2025-02-01 14:58:32,346 - INFO - Pod: workload-1738421912, Node: carbonaware-worker2, Intensity: 119.26, Region: NL, Type: Planned
2025-02-01 14:58:32,883 - INFO - Pod: workload-1738421912, Node: carbonaware-worker2, Intensity: 119.26, Region: NL, Type: Actual
2025-02-01 14:58:42,791 - INFO - Pod: workload-1738421922, Node: carbonaware-worker2, Intensity: 119.26, Region: NL, Type: Planned
2025-02-01 14:58:43,375 - INFO - Pod: workload-1738421922, Node: carbonaware-worker2, Intensity: 119.26, Region: NL, Type: Actual
2025-02-01 14:58:53,658 - INFO - Pod: workload-1738421933, Node: carbonaware-worker2, Intensity: 119.26, Region: NL, Type: Planned
2025-02-01 14:58:54,468 - INFO - Pod: workload-1738421933, Node: carbonaware-worker2, Intensity: 119.26, Region: NL, Type: Actual
2025-02-01 14:59:04,178 - INFO - Pod: workload-1738421944, Node: carbonaware-worker2, Intensity: 109.41, Region: NL, Type: Planned
2025-02-01 14:59:04,761 - INFO - Pod: workload-1738421944, Node: carbonaware-worker2, Intensity: 109.41, Region: NL, Type: Actual
2025-02-01 14:59:14,435 - INFO - Pod: workload-1738421954, Node: carbonaware-worker2, Intensity: 109.41, Region: NL, Type: Planned
2025-02-01 14:59:14,785 - INFO - Pod: workload-1738421954, Node: carbonaware-worker2, Intensity: 109.41, Region: NL, Type: Actual
2025-02-01 14:59:24,951 - INFO - Pod: workload-1738421964, Node: carbonaware-worker2, Intensity: 109.41, Region: NL, Type: Planned
2025-02-01 14:59:25,330 - INFO - Pod: workload-1738421964, Node: carbonaware-worker2, Intensity: 109.41, Region: NL, Type: Actual
2025-02-01 14:59:35,261 - INFO - Pod: workload-1738421975, Node: carbonaware-worker2, Intensity: 109.41, Region: NL, Type: Planned
2025-02-01 14:59:35,795 - INFO - Pod: workload-1738421975, Node: carbonaware-worker2, Intensity: 109.41, Region: NL, Type: Actual
2025-02-01 14:59:45,574 - INFO - Pod: workload-1738421985, Node: carbonaware-worker2, Intensity: 109.41, Region: NL, Type: Planned
2025-02-01 14:59:46,147 - INFO - Pod: workload-1738421985, Node: carbonaware-worker2, Intensity: 109.41, Region: NL, Type: Actual
2025-02-01 14:59:56,050 - INFO - Pod: workload-1738421995, Node: carbonaware-worker2, Intensity: 109.41, Region: NL, Type: Planned
2025-02-01 14:59:56,365 - INFO - Pod: workload-1738421995, Node: carbonaware-worker2, Intensity: 109.41, Region: NL, Type: Actual
2025-02-01 15:00:06,314 - INFO - Pod: workload-1738422006, Node: carbonaware-worker2, Intensity: 107.35, Region: NL, Type: Planned
2025-02-01 15:00:06,677 - INFO - Pod: workload-1738422006, Node: carbonaware-worker2, Intensity: 107.35, Region: NL, Type: Actual
2025-02-01 15:00:16,767 - INFO - Pod: workload-1738422016, Node: carbonaware-worker2, Intensity: 107.35, Region: NL, Type: Planned
2025-02-01 15:00:17,312 - INFO - Pod: workload-1738422016, Node: carbonaware-worker2, Intensity: 107.35, Region: NL, Type: Actual
2025-02-01 15:00:27,250 - INFO - Pod: workload-1738422027, Node: carbonaware-worker2, Intensity: 107.35, Region: NL, Type: Planned
2025-02-01 15:00:27,804 - INFO - Pod: workload-1738422027, Node: carbonaware-worker2, Intensity: 107.35, Region: NL, Type: Actual
2025-02-01 15:00:37,772 - INFO - Pod: workload-1738422037, Node: carbonaware-worker2, Intensity: 107.35, Region: NL, Type: Planned
2025-02-01 15:00:38,335 - INFO - Pod: workload-1738422037, Node: carbonaware-worker2, Intensity: 107.35, Region: NL, Type: Actual
2025-02-01 15:00:48,273 - INFO - Pod: workload-1738422048, Node: carbonaware-worker2, Intensity: 107.35, Region: NL, Type: Planned
2025-02-01 15:00:48,611 - INFO - Pod: workload-1738422048, Node: carbonaware-worker2, Intensity: 107.35, Region: NL, Type: Actual
2025-02-01 15:00:58,585 - INFO - Pod: workload-1738422058, Node: carbonaware-worker2, Intensity: 107.35, Region: NL, Type: Planned
2025-02-01 15:00:59,142 - INFO - Pod: workload-1738422058, Node: carbonaware-worker2, Intensity: 107.35, Region: NL, Type: Actual
2025-02-01 15:01:09,113 - INFO - Pod: workload-1738422069, Node: carbonaware-worker2, Intensity: 110.36, Region: NL, Type: Planned
2025-02-01 15:01:09,450 - INFO - Pod: workload-1738422069, Node: carbonaware-worker2, Intensity: 110.36, Region: NL, Type: Actual
2025-02-01 15:01:19,586 - INFO - Pod: workload-1738422079, Node: carbonaware-worker2, Intensity: 110.36, Region: NL, Type: Planned
2025-02-01 15:01:20,137 - INFO - Pod: workload-1738422079, Node: carbonaware-worker2, Intensity: 110.36, Region: NL, Type: Actual
2025-02-01 15:01:29,861 - INFO - Pod: workload-1738422089, Node: carbonaware-worker2, Intensity: 110.36, Region: NL, Type: Planned
2025-02-01 15:01:30,253 - INFO - Pod: workload-1738422089, Node: carbonaware-worker2, Intensity: 110.36, Region: NL, Type: Actual
2025-02-01 15:01:40,166 - INFO - Pod: workload-1738422100, Node: carbonaware-worker2, Intensity: 110.36, Region: NL, Type: Planned
2025-02-01 15:01:40,743 - INFO - Pod: workload-1738422100, Node: carbonaware-worker2, Intensity: 110.36, Region: NL, Type: Actual
2025-02-01 15:01:50,700 - INFO - Pod: workload-1738422110, Node: carbonaware-worker2, Intensity: 110.36, Region: NL, Type: Planned
2025-02-01 15:01:51,251 - INFO - Pod: workload-1738422110, Node: carbonaware-worker2, Intensity: 110.36, Region: NL, Type: Actual
2025-02-01 15:02:01,194 - INFO - Pod: workload-1738422121, Node: carbonaware-worker2, Intensity: 119.57, Region: NL, Type: Planned
2025-02-01 15:02:01,567 - INFO - Pod: workload-1738422121, Node: carbonaware-worker2, Intensity: 119.57, Region: NL, Type: Actual
2025-02-01 15:02:11,670 - INFO - Pod: workload-1738422131, Node: carbonaware-worker2, Intensity: 119.57, Region: NL, Type: Planned
2025-02-01 15:02:12,036 - INFO - Pod: workload-1738422131, Node: carbonaware-worker2, Intensity: 119.57, Region: NL, Type: Actual
2025-02-01 15:02:22,166 - INFO - Pod: workload-1738422142, Node: carbonaware-worker2, Intensity: 119.57, Region: NL, Type: Planned
2025-02-01 15:02:22,717 - INFO - Pod: workload-1738422142, Node: carbonaware-worker2, Intensity: 119.57, Region: NL, Type: Actual
2025-02-01 15:02:32,723 - INFO - Pod: workload-1738422152, Node: carbonaware-worker2, Intensity: 119.57, Region: NL, Type: Planned
2025-02-01 15:02:33,261 - INFO - Pod: workload-1738422152, Node: carbonaware-worker2, Intensity: 119.57, Region: NL, Type: Actual
2025-02-01 15:02:43,216 - INFO - Pod: workload-1738422163, Node: carbonaware-worker2, Intensity: 119.57, Region: NL, Type: Planned
2025-02-01 15:02:43,737 - INFO - Pod: workload-1738422163, Node: carbonaware-worker2, Intensity: 119.57, Region: NL, Type: Actual
2025-02-01 15:02:53,689 - INFO - Pod: workload-1738422173, Node: carbonaware-worker2, Intensity: 119.57, Region: NL, Type: Planned
2025-02-01 15:02:54,012 - INFO - Pod: workload-1738422173, Node: carbonaware-worker2, Intensity: 119.57, Region: NL, Type: Actual
2025-02-01 15:03:04,627 - INFO - Pod: workload-1738422184, Node: carbonaware-worker2, Intensity: 144.75, Region: NL, Type: Planned
2025-02-01 15:03:04,936 - INFO - Pod: workload-1738422184, Node: carbonaware-worker2, Intensity: 144.75, Region: NL, Type: Actual
2025-02-01 15:03:14,842 - INFO - Pod: workload-1738422194, Node: carbonaware-worker2, Intensity: 144.75, Region: NL, Type: Planned
2025-02-01 15:03:15,408 - INFO - Pod: workload-1738422194, Node: carbonaware-worker2, Intensity: 144.75, Region: NL, Type: Actual
2025-02-01 15:03:25,287 - INFO - Pod: workload-1738422205, Node: carbonaware-worker2, Intensity: 144.75, Region: NL, Type: Planned
2025-02-01 15:03:25,676 - INFO - Pod: workload-1738422205, Node: carbonaware-worker2, Intensity: 144.75, Region: NL, Type: Actual
2025-02-01 15:03:35,755 - INFO - Pod: workload-1738422215, Node: carbonaware-worker2, Intensity: 144.75, Region: NL, Type: Planned
2025-02-01 15:03:36,146 - INFO - Pod: workload-1738422215, Node: carbonaware-worker2, Intensity: 144.75, Region: NL, Type: Actual
2025-02-01 15:03:46,029 - INFO - Pod: workload-1738422225, Node: carbonaware-worker2, Intensity: 144.75, Region: NL, Type: Planned
2025-02-01 15:03:46,426 - INFO - Pod: workload-1738422225, Node: carbonaware-worker2, Intensity: 144.75, Region: NL, Type: Actual
2025-02-01 15:03:56,352 - INFO - Pod: workload-1738422236, Node: carbonaware-worker2, Intensity: 144.75, Region: NL, Type: Planned
2025-02-01 15:03:56,868 - INFO - Pod: workload-1738422236, Node: carbonaware-worker2, Intensity: 144.75, Region: NL, Type: Actual
2025-02-01 15:04:06,871 - INFO - Pod: workload-1738422246, Node: carbonaware-worker2, Intensity: 187.88, Region: NL, Type: Planned
2025-02-01 15:04:07,420 - INFO - Pod: workload-1738422246, Node: carbonaware-worker2, Intensity: 187.88, Region: NL, Type: Actual
2025-02-01 15:04:17,362 - INFO - Pod: workload-1738422257, Node: carbonaware-worker2, Intensity: 187.88, Region: NL, Type: Planned
2025-02-01 15:04:17,885 - INFO - Pod: workload-1738422257, Node: carbonaware-worker2, Intensity: 187.88, Region: NL, Type: Actual
2025-02-01 15:04:27,909 - INFO - Pod: workload-1738422267, Node: carbonaware-worker2, Intensity: 187.88, Region: NL, Type: Planned
2025-02-01 15:04:28,222 - INFO - Pod: workload-1738422267, Node: carbonaware-worker2, Intensity: 187.88, Region: NL, Type: Actual
2025-02-01 15:04:38,359 - INFO - Pod: workload-1738422278, Node: carbonaware-worker2, Intensity: 187.88, Region: NL, Type: Planned
2025-02-01 15:04:38,753 - INFO - Pod: workload-1738422278, Node: carbonaware-worker2, Intensity: 187.88, Region: NL, Type: Actual
2025-02-01 15:04:48,803 - INFO - Pod: workload-1738422288, Node: carbonaware-worker2, Intensity: 187.88, Region: NL, Type: Planned
2025-02-01 15:04:49,315 - INFO - Pod: workload-1738422288, Node: carbonaware-worker2, Intensity: 187.88, Region: NL, Type: Actual
2025-02-01 15:04:59,295 - INFO - Pod: workload-1738422299, Node: carbonaware-worker2, Intensity: 187.88, Region: NL, Type: Planned
2025-02-01 15:04:59,858 - INFO - Pod: workload-1738422299, Node: carbonaware-worker2, Intensity: 187.88, Region: NL, Type: Actual
2025-02-01 15:05:09,544 - INFO - Pod: workload-1738422309, Node: carbonaware-worker2, Intensity: 244.25, Region: NL, Type: Planned
2025-02-01 15:05:09,888 - INFO - Pod: workload-1738422309, Node: carbonaware-worker2, Intensity: 244.25, Region: NL, Type: Actual
2025-02-01 15:05:19,843 - INFO - Pod: workload-1738422319, Node: carbonaware-worker2, Intensity: 244.25, Region: NL, Type: Planned
2025-02-01 15:05:20,220 - INFO - Pod: workload-1738422319, Node: carbonaware-worker2, Intensity: 244.25, Region: NL, Type: Actual
2025-02-01 15:05:30,175 - INFO - Pod: workload-1738422330, Node: carbonaware-worker2, Intensity: 244.25, Region: NL, Type: Planned
2025-02-01 15:05:30,553 - INFO - Pod: workload-1738422330, Node: carbonaware-worker2, Intensity: 244.25, Region: NL, Type: Actual
2025-02-01 15:05:40,437 - INFO - Pod: workload-1738422340, Node: carbonaware-worker2, Intensity: 244.25, Region: NL, Type: Planned
2025-02-01 15:05:41,000 - INFO - Pod: workload-1738422340, Node: carbonaware-worker2, Intensity: 244.25, Region: NL, Type: Actual
2025-02-01 15:05:50,755 - INFO - Pod: workload-1738422350, Node: carbonaware-worker2, Intensity: 244.25, Region: NL, Type: Planned
2025-02-01 15:05:51,331 - INFO - Pod: workload-1738422350, Node: carbonaware-worker2, Intensity: 244.25, Region: NL, Type: Actual
2025-02-01 15:06:01,304 - INFO - Pod: workload-1738422361, Node: carbonaware-worker, Intensity: 297.48, Region: ERCOT, Type: Planned
2025-02-01 15:06:01,849 - INFO - Pod: workload-1738422361, Node: carbonaware-worker, Intensity: 297.48, Region: ERCOT, Type: Actual
2025-02-01 15:06:11,807 - INFO - Pod: workload-1738422371, Node: carbonaware-worker, Intensity: 297.48, Region: ERCOT, Type: Planned
2025-02-01 15:06:12,347 - INFO - Pod: workload-1738422371, Node: carbonaware-worker, Intensity: 297.48, Region: ERCOT, Type: Actual
2025-02-01 15:06:22,249 - INFO - Pod: workload-1738422382, Node: carbonaware-worker, Intensity: 297.48, Region: ERCOT, Type: Planned
2025-02-01 15:06:22,750 - INFO - Pod: workload-1738422382, Node: carbonaware-worker, Intensity: 297.48, Region: ERCOT, Type: Actual
2025-02-01 15:06:32,758 - INFO - Pod: workload-1738422392, Node: carbonaware-worker, Intensity: 297.48, Region: ERCOT, Type: Planned
2025-02-01 15:06:33,267 - INFO - Pod: workload-1738422392, Node: carbonaware-worker, Intensity: 297.48, Region: ERCOT, Type: Actual
2025-02-01 15:06:43,251 - INFO - Pod: workload-1738422403, Node: carbonaware-worker, Intensity: 297.48, Region: ERCOT, Type: Planned
2025-02-01 15:06:43,750 - INFO - Pod: workload-1738422403, Node: carbonaware-worker, Intensity: 297.48, Region: ERCOT, Type: Actual
2025-02-01 15:06:53,579 - INFO - Pod: workload-1738422413, Node: carbonaware-worker, Intensity: 297.48, Region: ERCOT, Type: Planned
2025-02-01 15:06:53,915 - INFO - Pod: workload-1738422413, Node: carbonaware-worker, Intensity: 297.48, Region: ERCOT, Type: Actual
2025-02-01 15:07:03,866 - INFO - Pod: workload-1738422423, Node: carbonaware-worker, Intensity: 307.01, Region: ERCOT, Type: Planned
2025-02-01 15:07:04,207 - INFO - Pod: workload-1738422423, Node: carbonaware-worker, Intensity: 307.01, Region: ERCOT, Type: Actual
2025-02-01 15:07:14,177 - INFO - Pod: workload-1738422434, Node: carbonaware-worker, Intensity: 307.01, Region: ERCOT, Type: Planned
2025-02-01 15:07:14,741 - INFO - Pod: workload-1738422434, Node: carbonaware-worker, Intensity: 307.01, Region: ERCOT, Type: Actual
2025-02-01 15:07:24,507 - INFO - Pod: workload-1738422444, Node: carbonaware-worker, Intensity: 307.01, Region: ERCOT, Type: Planned
2025-02-01 15:07:25,119 - INFO - Pod: workload-1738422444, Node: carbonaware-worker, Intensity: 307.01, Region: ERCOT, Type: Actual
2025-02-01 15:07:34,992 - INFO - Pod: workload-1738422454, Node: carbonaware-worker, Intensity: 307.01, Region: ERCOT, Type: Planned
2025-02-01 15:07:35,355 - INFO - Pod: workload-1738422454, Node: carbonaware-worker, Intensity: 307.01, Region: ERCOT, Type: Actual
2025-02-01 15:07:45,312 - INFO - Pod: workload-1738422465, Node: carbonaware-worker, Intensity: 307.01, Region: ERCOT, Type: Planned
2025-02-01 15:07:45,865 - INFO - Pod: workload-1738422465, Node: carbonaware-worker, Intensity: 307.01, Region: ERCOT, Type: Actual
2025-02-01 15:07:55,845 - INFO - Pod: workload-1738422475, Node: carbonaware-worker, Intensity: 307.01, Region: ERCOT, Type: Planned
2025-02-01 15:07:56,263 - INFO - Pod: workload-1738422475, Node: carbonaware-worker, Intensity: 307.01, Region: ERCOT, Type: Actual
2025-02-01 15:08:06,376 - INFO - Pod: workload-1738422486, Node: carbonaware-worker, Intensity: 318.29, Region: ERCOT, Type: Planned
2025-02-01 15:08:06,887 - INFO - Pod: workload-1738422486, Node: carbonaware-worker, Intensity: 318.29, Region: ERCOT, Type: Actual
2025-02-01 15:08:16,877 - INFO - Pod: workload-1738422496, Node: carbonaware-worker, Intensity: 318.29, Region: ERCOT, Type: Planned
2025-02-01 15:08:17,251 - INFO - Pod: workload-1738422496, Node: carbonaware-worker, Intensity: 318.29, Region: ERCOT, Type: Actual
2025-02-01 15:08:27,400 - INFO - Pod: workload-1738422507, Node: carbonaware-worker, Intensity: 318.29, Region: ERCOT, Type: Planned
2025-02-01 15:08:27,743 - INFO - Pod: workload-1738422507, Node: carbonaware-worker, Intensity: 318.29, Region: ERCOT, Type: Actual
2025-02-01 15:08:37,850 - INFO - Pod: workload-1738422517, Node: carbonaware-worker, Intensity: 318.29, Region: ERCOT, Type: Planned
2025-02-01 15:08:38,403 - INFO - Pod: workload-1738422517, Node: carbonaware-worker, Intensity: 318.29, Region: ERCOT, Type: Actual
2025-02-01 15:08:48,259 - INFO - Pod: workload-1738422528, Node: carbonaware-worker, Intensity: 318.29, Region: ERCOT, Type: Planned
2025-02-01 15:08:48,826 - INFO - Pod: workload-1738422528, Node: carbonaware-worker, Intensity: 318.29, Region: ERCOT, Type: Actual
2025-02-01 15:08:58,772 - INFO - Pod: workload-1738422538, Node: carbonaware-worker, Intensity: 318.29, Region: ERCOT, Type: Planned
2025-02-01 15:08:59,123 - INFO - Pod: workload-1738422538, Node: carbonaware-worker, Intensity: 318.29, Region: ERCOT, Type: Actual
2025-02-01 15:09:09,202 - INFO - Pod: workload-1738422549, Node: carbonaware-worker2, Intensity: 311.96, Region: NL, Type: Planned
2025-02-01 15:09:09,785 - INFO - Pod: workload-1738422549, Node: carbonaware-worker2, Intensity: 311.96, Region: NL, Type: Actual
2025-02-01 15:09:19,425 - INFO - Pod: workload-1738422559, Node: carbonaware-worker2, Intensity: 311.96, Region: NL, Type: Planned
2025-02-01 15:09:19,927 - INFO - Pod: workload-1738422559, Node: carbonaware-worker2, Intensity: 311.96, Region: NL, Type: Actual
2025-02-01 15:09:29,735 - INFO - Pod: workload-1738422569, Node: carbonaware-worker2, Intensity: 311.96, Region: NL, Type: Planned
2025-02-01 15:09:30,294 - INFO - Pod: workload-1738422569, Node: carbonaware-worker2, Intensity: 311.96, Region: NL, Type: Actual
2025-02-01 15:09:40,221 - INFO - Pod: workload-1738422580, Node: carbonaware-worker2, Intensity: 311.96, Region: NL, Type: Planned
2025-02-01 15:09:40,591 - INFO - Pod: workload-1738422580, Node: carbonaware-worker2, Intensity: 311.96, Region: NL, Type: Actual
2025-02-01 15:09:50,539 - INFO - Pod: workload-1738422590, Node: carbonaware-worker2, Intensity: 311.96, Region: NL, Type: Planned
2025-02-01 15:09:50,864 - INFO - Pod: workload-1738422590, Node: carbonaware-worker2, Intensity: 311.96, Region: NL, Type: Actual
2025-02-01 15:10:00,835 - INFO - Pod: workload-1738422600, Node: carbonaware-worker2, Intensity: 295.31, Region: NL, Type: Planned
2025-02-01 15:10:01,409 - INFO - Pod: workload-1738422600, Node: carbonaware-worker2, Intensity: 295.31, Region: NL, Type: Actual
2025-02-01 15:10:11,347 - INFO - Pod: workload-1738422611, Node: carbonaware-worker2, Intensity: 295.31, Region: NL, Type: Planned
2025-02-01 15:10:11,741 - INFO - Pod: workload-1738422611, Node: carbonaware-worker2, Intensity: 295.31, Region: NL, Type: Actual
2025-02-01 15:10:21,831 - INFO - Pod: workload-1738422621, Node: carbonaware-worker2, Intensity: 295.31, Region: NL, Type: Planned
2025-02-01 15:10:22,356 - INFO - Pod: workload-1738422621, Node: carbonaware-worker2, Intensity: 295.31, Region: NL, Type: Actual
2025-02-01 15:10:32,349 - INFO - Pod: workload-1738422632, Node: carbonaware-worker2, Intensity: 295.31, Region: NL, Type: Planned
2025-02-01 15:10:32,705 - INFO - Pod: workload-1738422632, Node: carbonaware-worker2, Intensity: 295.31, Region: NL, Type: Actual
2025-02-01 15:10:42,810 - INFO - Pod: workload-1738422642, Node: carbonaware-worker2, Intensity: 295.31, Region: NL, Type: Planned
2025-02-01 15:10:43,372 - INFO - Pod: workload-1738422642, Node: carbonaware-worker2, Intensity: 295.31, Region: NL, Type: Actual
2025-02-01 15:10:53,251 - INFO - Pod: workload-1738422653, Node: carbonaware-worker2, Intensity: 295.31, Region: NL, Type: Planned
2025-02-01 15:10:53,817 - INFO - Pod: workload-1738422653, Node: carbonaware-worker2, Intensity: 295.31, Region: NL, Type: Actual
2025-02-01 15:11:03,750 - INFO - Pod: workload-1738422663, Node: carbonaware-worker2, Intensity: 283.8, Region: NL, Type: Planned
2025-02-01 15:11:04,292 - INFO - Pod: workload-1738422663, Node: carbonaware-worker2, Intensity: 283.8, Region: NL, Type: Actual
2025-02-01 15:11:14,252 - INFO - Pod: workload-1738422674, Node: carbonaware-worker2, Intensity: 283.8, Region: NL, Type: Planned
2025-02-01 15:11:14,565 - INFO - Pod: workload-1738422674, Node: carbonaware-worker2, Intensity: 283.8, Region: NL, Type: Actual
2025-02-01 15:11:24,764 - INFO - Pod: workload-1738422684, Node: carbonaware-worker2, Intensity: 283.8, Region: NL, Type: Planned
2025-02-01 15:11:25,325 - INFO - Pod: workload-1738422684, Node: carbonaware-worker2, Intensity: 283.8, Region: NL, Type: Actual
2025-02-01 15:11:35,242 - INFO - Pod: workload-1738422695, Node: carbonaware-worker2, Intensity: 283.8, Region: NL, Type: Planned
2025-02-01 15:11:35,569 - INFO - Pod: workload-1738422695, Node: carbonaware-worker2, Intensity: 283.8, Region: NL, Type: Actual
2025-02-01 15:11:45,525 - INFO - Pod: workload-1738422705, Node: carbonaware-worker2, Intensity: 283.8, Region: NL, Type: Planned
2025-02-01 15:11:45,846 - INFO - Pod: workload-1738422705, Node: carbonaware-worker2, Intensity: 283.8, Region: NL, Type: Actual
2025-02-01 15:11:56,045 - INFO - Pod: workload-1738422715, Node: carbonaware-worker2, Intensity: 283.8, Region: NL, Type: Planned
2025-02-01 15:11:56,602 - INFO - Pod: workload-1738422715, Node: carbonaware-worker2, Intensity: 283.8, Region: NL, Type: Actual
2025-02-01 15:12:06,342 - INFO - Pod: workload-1738422726, Node: carbonaware-worker2, Intensity: 322.29, Region: NL, Type: Planned
2025-02-01 15:12:06,695 - INFO - Pod: workload-1738422726, Node: carbonaware-worker2, Intensity: 322.29, Region: NL, Type: Actual
2025-02-01 15:12:16,605 - INFO - Pod: workload-1738422736, Node: carbonaware-worker2, Intensity: 322.29, Region: NL, Type: Planned
2025-02-01 15:12:17,104 - INFO - Pod: workload-1738422736, Node: carbonaware-worker2, Intensity: 322.29, Region: NL, Type: Actual
2025-02-01 15:12:26,863 - INFO - Pod: workload-1738422746, Node: carbonaware-worker2, Intensity: 322.29, Region: NL, Type: Planned
2025-02-01 15:12:27,483 - INFO - Pod: workload-1738422746, Node: carbonaware-worker2, Intensity: 322.29, Region: NL, Type: Actual
2025-02-01 15:12:37,062 - INFO - Pod: workload-1738422757, Node: carbonaware-worker2, Intensity: 322.29, Region: NL, Type: Planned
2025-02-01 15:12:37,426 - INFO - Pod: workload-1738422757, Node: carbonaware-worker2, Intensity: 322.29, Region: NL, Type: Actual
2025-02-01 15:12:47,547 - INFO - Pod: workload-1738422767, Node: carbonaware-worker2, Intensity: 322.29, Region: NL, Type: Planned
2025-02-01 15:12:47,937 - INFO - Pod: workload-1738422767, Node: carbonaware-worker2, Intensity: 322.29, Region: NL, Type: Actual
2025-02-01 15:12:58,053 - INFO - Pod: workload-1738422777, Node: carbonaware-worker2, Intensity: 322.29, Region: NL, Type: Planned
2025-02-01 15:12:58,433 - INFO - Pod: workload-1738422777, Node: carbonaware-worker2, Intensity: 322.29, Region: NL, Type: Actual
2025-02-01 15:13:08,321 - INFO - Pod: workload-1738422788, Node: carbonaware-worker, Intensity: 335.97, Region: ERCOT, Type: Planned
2025-02-01 15:13:08,880 - INFO - Pod: workload-1738422788, Node: carbonaware-worker, Intensity: 335.97, Region: ERCOT, Type: Actual
2025-02-01 15:13:18,799 - INFO - Pod: workload-1738422798, Node: carbonaware-worker, Intensity: 335.97, Region: ERCOT, Type: Planned
2025-02-01 15:13:19,337 - INFO - Pod: workload-1738422798, Node: carbonaware-worker, Intensity: 335.97, Region: ERCOT, Type: Actual
2025-02-01 15:13:29,121 - INFO - Pod: workload-1738422809, Node: carbonaware-worker, Intensity: 335.97, Region: ERCOT, Type: Planned
2025-02-01 15:13:29,695 - INFO - Pod: workload-1738422809, Node: carbonaware-worker, Intensity: 335.97, Region: ERCOT, Type: Actual
2025-02-01 15:13:39,421 - INFO - Pod: workload-1738422819, Node: carbonaware-worker, Intensity: 335.97, Region: ERCOT, Type: Planned
2025-02-01 15:13:39,793 - INFO - Pod: workload-1738422819, Node: carbonaware-worker, Intensity: 335.97, Region: ERCOT, Type: Actual
2025-02-01 15:13:49,732 - INFO - Pod: workload-1738422829, Node: carbonaware-worker, Intensity: 335.97, Region: ERCOT, Type: Planned
2025-02-01 15:13:50,308 - INFO - Pod: workload-1738422829, Node: carbonaware-worker, Intensity: 335.97, Region: ERCOT, Type: Actual
2025-02-01 15:14:00,048 - INFO - Pod: workload-1738422839, Node: carbonaware-worker, Intensity: 335.97, Region: ERCOT, Type: Planned
2025-02-01 15:14:00,398 - INFO - Pod: workload-1738422839, Node: carbonaware-worker, Intensity: 295.85, Region: ERCOT, Type: Actual
2025-02-01 15:14:10,341 - INFO - Pod: workload-1738422850, Node: carbonaware-worker, Intensity: 295.85, Region: ERCOT, Type: Planned
2025-02-01 15:14:10,724 - INFO - Pod: workload-1738422850, Node: carbonaware-worker, Intensity: 295.85, Region: ERCOT, Type: Actual
2025-02-01 15:14:20,693 - INFO - Pod: workload-1738422860, Node: carbonaware-worker, Intensity: 295.85, Region: ERCOT, Type: Planned
2025-02-01 15:14:21,043 - INFO - Pod: workload-1738422860, Node: carbonaware-worker, Intensity: 295.85, Region: ERCOT, Type: Actual
2025-02-01 15:14:31,229 - INFO - Pod: workload-1738422871, Node: carbonaware-worker, Intensity: 295.85, Region: ERCOT, Type: Planned
2025-02-01 15:14:31,749 - INFO - Pod: workload-1738422871, Node: carbonaware-worker, Intensity: 295.85, Region: ERCOT, Type: Actual
2025-02-01 15:14:41,524 - INFO - Pod: workload-1738422881, Node: carbonaware-worker, Intensity: 295.85, Region: ERCOT, Type: Planned
2025-02-01 15:14:41,877 - INFO - Pod: workload-1738422881, Node: carbonaware-worker, Intensity: 295.85, Region: ERCOT, Type: Actual
2025-02-01 15:14:52,079 - INFO - Pod: workload-1738422891, Node: carbonaware-worker, Intensity: 295.85, Region: ERCOT, Type: Planned
2025-02-01 15:14:52,601 - INFO - Pod: workload-1738422891, Node: carbonaware-worker, Intensity: 295.85, Region: ERCOT, Type: Actual
2025-02-01 15:15:02,402 - INFO - Pod: workload-1738422902, Node: carbonaware-worker, Intensity: 263.77, Region: ERCOT, Type: Planned
2025-02-01 15:15:02,754 - INFO - Pod: workload-1738422902, Node: carbonaware-worker, Intensity: 263.77, Region: ERCOT, Type: Actual
2025-02-01 15:15:12,854 - INFO - Pod: workload-1738422912, Node: carbonaware-worker, Intensity: 263.77, Region: ERCOT, Type: Planned
2025-02-01 15:15:13,462 - INFO - Pod: workload-1738422912, Node: carbonaware-worker, Intensity: 263.77, Region: ERCOT, Type: Actual
2025-02-01 15:15:23,118 - INFO - Pod: workload-1738422923, Node: carbonaware-worker, Intensity: 263.77, Region: ERCOT, Type: Planned
2025-02-01 15:15:23,446 - INFO - Pod: workload-1738422923, Node: carbonaware-worker, Intensity: 263.77, Region: ERCOT, Type: Actual
2025-02-01 15:15:33,544 - INFO - Pod: workload-1738422933, Node: carbonaware-worker, Intensity: 263.77, Region: ERCOT, Type: Planned
2025-02-01 15:15:34,058 - INFO - Pod: workload-1738422933, Node: carbonaware-worker, Intensity: 263.77, Region: ERCOT, Type: Actual
2025-02-01 15:15:43,947 - INFO - Pod: workload-1738422943, Node: carbonaware-worker, Intensity: 263.77, Region: ERCOT, Type: Planned
2025-02-01 15:15:44,254 - INFO - Pod: workload-1738422943, Node: carbonaware-worker, Intensity: 263.77, Region: ERCOT, Type: Actual
2025-02-01 15:15:54,426 - INFO - Pod: workload-1738422954, Node: carbonaware-worker, Intensity: 263.77, Region: ERCOT, Type: Planned
2025-02-01 15:15:54,781 - INFO - Pod: workload-1738422954, Node: carbonaware-worker, Intensity: 263.77, Region: ERCOT, Type: Actual
2025-02-01 15:16:04,855 - INFO - Pod: workload-1738422964, Node: carbonaware-worker, Intensity: 228.94, Region: ERCOT, Type: Planned
2025-02-01 15:16:05,194 - INFO - Pod: workload-1738422964, Node: carbonaware-worker, Intensity: 228.94, Region: ERCOT, Type: Actual
2025-02-01 15:16:15,274 - INFO - Pod: workload-1738422975, Node: carbonaware-worker, Intensity: 228.94, Region: ERCOT, Type: Planned
2025-02-01 15:16:15,585 - INFO - Pod: workload-1738422975, Node: carbonaware-worker, Intensity: 228.94, Region: ERCOT, Type: Actual
2025-02-01 15:16:25,711 - INFO - Pod: workload-1738422985, Node: carbonaware-worker, Intensity: 228.94, Region: ERCOT, Type: Planned
2025-02-01 15:16:26,234 - INFO - Pod: workload-1738422985, Node: carbonaware-worker, Intensity: 228.94, Region: ERCOT, Type: Actual
2025-02-01 15:16:36,231 - INFO - Pod: workload-1738422996, Node: carbonaware-worker, Intensity: 228.94, Region: ERCOT, Type: Planned
2025-02-01 15:16:36,585 - INFO - Pod: workload-1738422996, Node: carbonaware-worker, Intensity: 228.94, Region: ERCOT, Type: Actual
2025-02-01 15:16:46,749 - INFO - Pod: workload-1738423006, Node: carbonaware-worker, Intensity: 228.94, Region: ERCOT, Type: Planned
2025-02-01 15:16:47,253 - INFO - Pod: workload-1738423006, Node: carbonaware-worker, Intensity: 228.94, Region: ERCOT, Type: Actual
2025-02-01 15:16:57,024 - INFO - Pod: workload-1738423016, Node: carbonaware-worker, Intensity: 228.94, Region: ERCOT, Type: Planned
2025-02-01 15:16:57,643 - INFO - Pod: workload-1738423016, Node: carbonaware-worker, Intensity: 228.94, Region: ERCOT, Type: Actual
2025-02-01 15:17:07,496 - INFO - Pod: workload-1738423027, Node: carbonaware-worker, Intensity: 210.25, Region: ERCOT, Type: Planned
2025-02-01 15:17:08,065 - INFO - Pod: workload-1738423027, Node: carbonaware-worker, Intensity: 210.25, Region: ERCOT, Type: Actual
2025-02-01 15:17:17,971 - INFO - Pod: workload-1738423037, Node: carbonaware-worker, Intensity: 210.25, Region: ERCOT, Type: Planned
2025-02-01 15:17:18,525 - INFO - Pod: workload-1738423037, Node: carbonaware-worker, Intensity: 210.25, Region: ERCOT, Type: Actual
2025-02-01 15:17:28,295 - INFO - Pod: workload-1738423048, Node: carbonaware-worker, Intensity: 210.25, Region: ERCOT, Type: Planned
2025-02-01 15:17:28,593 - INFO - Pod: workload-1738423048, Node: carbonaware-worker, Intensity: 210.25, Region: ERCOT, Type: Actual
2025-02-01 15:17:38,544 - INFO - Pod: workload-1738423058, Node: carbonaware-worker, Intensity: 210.25, Region: ERCOT, Type: Planned
2025-02-01 15:17:38,829 - INFO - Pod: workload-1738423058, Node: carbonaware-worker, Intensity: 210.25, Region: ERCOT, Type: Actual
2025-02-01 15:17:48,783 - INFO - Pod: workload-1738423068, Node: carbonaware-worker, Intensity: 210.25, Region: ERCOT, Type: Planned
2025-02-01 15:17:49,102 - INFO - Pod: workload-1738423068, Node: carbonaware-worker, Intensity: 210.25, Region: ERCOT, Type: Actual
2025-02-01 15:17:59,301 - INFO - Pod: workload-1738423079, Node: carbonaware-worker, Intensity: 210.25, Region: ERCOT, Type: Planned
2025-02-01 15:17:59,678 - INFO - Pod: workload-1738423079, Node: carbonaware-worker, Intensity: 210.25, Region: ERCOT, Type: Actual
2025-02-01 15:18:09,571 - INFO - Pod: workload-1738423089, Node: carbonaware-worker, Intensity: 198.74, Region: ERCOT, Type: Planned
2025-02-01 15:18:09,955 - INFO - Pod: workload-1738423089, Node: carbonaware-worker, Intensity: 198.74, Region: ERCOT, Type: Actual
2025-02-01 15:18:20,094 - INFO - Pod: workload-1738423100, Node: carbonaware-worker, Intensity: 198.74, Region: ERCOT, Type: Planned
2025-02-01 15:18:20,695 - INFO - Pod: workload-1738423100, Node: carbonaware-worker, Intensity: 198.74, Region: ERCOT, Type: Actual
2025-02-01 15:18:30,582 - INFO - Pod: workload-1738423110, Node: carbonaware-worker, Intensity: 198.74, Region: ERCOT, Type: Planned
2025-02-01 15:18:30,965 - INFO - Pod: workload-1738423110, Node: carbonaware-worker, Intensity: 198.74, Region: ERCOT, Type: Actual
2025-02-01 15:18:40,851 - INFO - Pod: workload-1738423120, Node: carbonaware-worker, Intensity: 198.74, Region: ERCOT, Type: Planned
2025-02-01 15:18:41,239 - INFO - Pod: workload-1738423120, Node: carbonaware-worker, Intensity: 198.74, Region: ERCOT, Type: Actual
2025-02-01 15:18:51,177 - INFO - Pod: workload-1738423131, Node: carbonaware-worker, Intensity: 198.74, Region: ERCOT, Type: Planned
2025-02-01 15:18:51,681 - INFO - Pod: workload-1738423131, Node: carbonaware-worker, Intensity: 198.74, Region: ERCOT, Type: Actual
2025-02-01 15:19:01,626 - INFO - Pod: workload-1738423141, Node: carbonaware-worker, Intensity: 200.98, Region: ERCOT, Type: Planned
2025-02-01 15:19:02,127 - INFO - Pod: workload-1738423141, Node: carbonaware-worker, Intensity: 200.98, Region: ERCOT, Type: Actual
2025-02-01 15:19:11,834 - INFO - Pod: workload-1738423151, Node: carbonaware-worker, Intensity: 200.98, Region: ERCOT, Type: Planned
2025-02-01 15:19:12,193 - INFO - Pod: workload-1738423151, Node: carbonaware-worker, Intensity: 200.98, Region: ERCOT, Type: Actual
2025-02-01 15:19:22,138 - INFO - Pod: workload-1738423162, Node: carbonaware-worker, Intensity: 200.98, Region: ERCOT, Type: Planned
2025-02-01 15:19:22,682 - INFO - Pod: workload-1738423162, Node: carbonaware-worker, Intensity: 200.98, Region: ERCOT, Type: Actual
2025-02-01 15:19:32,637 - INFO - Pod: workload-1738423172, Node: carbonaware-worker, Intensity: 200.98, Region: ERCOT, Type: Planned
2025-02-01 15:19:33,195 - INFO - Pod: workload-1738423172, Node: carbonaware-worker, Intensity: 200.98, Region: ERCOT, Type: Actual
2025-02-01 15:19:42,856 - INFO - Pod: workload-1738423182, Node: carbonaware-worker, Intensity: 200.98, Region: ERCOT, Type: Planned
2025-02-01 15:19:43,209 - INFO - Pod: workload-1738423182, Node: carbonaware-worker, Intensity: 200.98, Region: ERCOT, Type: Actual
2025-02-01 15:19:53,148 - INFO - Pod: workload-1738423193, Node: carbonaware-worker, Intensity: 200.98, Region: ERCOT, Type: Planned
2025-02-01 15:19:53,509 - INFO - Pod: workload-1738423193, Node: carbonaware-worker, Intensity: 200.98, Region: ERCOT, Type: Actual
