2025-01-28 19:38:24,771 - INFO - Pod: kindnet-pcprd, Node: normal-control-plane, Intensity: inf, Region: Unknown, Type: Actual
2025-01-28 19:38:24,920 - INFO - Pod: kopfexample-operator-5647c6696f-vzmpk, Node: normal-worker3, Intensity: 322.85, Region: NL, Type: Actual
2025-01-28 19:38:24,926 - INFO - Pod: coredns-668d6bf9bc-7thxx, Node: normal-control-plane, Intensity: inf, Region: Unknown, Type: Actual
2025-01-28 19:38:24,932 - INFO - Pod: coredns-668d6bf9bc-8tzxw, Node: normal-control-plane, Intensity: inf, Region: Unknown, Type: Actual
2025-01-28 19:38:24,954 - INFO - Pod: etcd-normal-control-plane, Node: normal-control-plane, Intensity: inf, Region: Unknown, Type: Actual
2025-01-28 19:38:24,972 - INFO - Pod: kindnet-wbjxk, Node: normal-worker3, Intensity: 322.85, Region: NL, Type: Actual
2025-01-28 19:38:24,976 - INFO - Pod: kindnet-8scgc, Node: normal-worker, Intensity: 342.92, Region: DE, Type: Actual
2025-01-28 19:38:24,993 - INFO - Pod: kube-apiserver-normal-control-plane, Node: normal-control-plane, Intensity: inf, Region: Unknown, Type: Actual
2025-01-28 19:38:24,994 - INFO - Pod: kube-proxy-bjw92, Node: normal-worker, Intensity: 342.92, Region: DE, Type: Actual
2025-01-28 19:38:24,999 - INFO - Pod: kube-controller-manager-normal-control-plane, Node: normal-control-plane, Intensity: inf, Region: Unknown, Type: Actual
2025-01-28 19:38:25,002 - INFO - Pod: kube-proxy-gbfhn, Node: normal-control-plane, Intensity: inf, Region: Unknown, Type: Actual
2025-01-28 19:38:25,009 - INFO - Pod: kindnet-xdks9, Node: normal-worker2, Intensity: 467.43, Region: ERCOT, Type: Actual
2025-01-28 19:38:25,239 - INFO - Pod: kube-proxy-jv59d, Node: normal-worker2, Intensity: 467.43, Region: ERCOT, Type: Actual
2025-01-28 19:38:25,532 - INFO - Pod: kube-scheduler-normal-control-plane, Node: normal-control-plane, Intensity: inf, Region: Unknown, Type: Actual
2025-01-28 19:38:25,549 - INFO - Pod: kube-proxy-sc59x, Node: normal-worker3, Intensity: 322.85, Region: NL, Type: Actual
2025-01-28 19:38:25,555 - INFO - Pod: local-path-provisioner-58cc7856b6-q8ch6, Node: normal-control-plane, Intensity: inf, Region: Unknown, Type: Actual
2025-01-28 19:38:35,743 - INFO - Pod: workload-1738093115, Node: normal-worker3, Intensity: 322.85, Region: NL, Type: Planned
2025-01-28 19:38:36,264 - INFO - Pod: workload-1738093115, Node: normal-worker3, Intensity: 322.85, Region: NL, Type: Actual
2025-01-28 19:38:46,571 - INFO - Pod: workload-1738093125, Node: normal-worker3, Intensity: 322.85, Region: NL, Type: Planned
2025-01-28 19:38:57,084 - INFO - Pod: workload-1738093137, Node: normal-worker3, Intensity: 322.85, Region: NL, Type: Planned
2025-01-28 19:38:57,613 - INFO - Pod: workload-1738093137, Node: normal-worker3, Intensity: 322.85, Region: NL, Type: Actual
2025-01-28 19:39:07,620 - INFO - Pod: workload-1738093147, Node: normal-worker, Intensity: 339.97, Region: DE, Type: Planned
2025-01-28 19:39:07,985 - INFO - Pod: workload-1738093147, Node: normal-worker, Intensity: 339.97, Region: DE, Type: Actual
2025-01-28 19:39:18,075 - INFO - Pod: workload-1738093158, Node: normal-worker3, Intensity: 319.99, Region: NL, Type: Planned
2025-01-28 19:39:18,439 - INFO - Pod: workload-1738093158, Node: normal-worker3, Intensity: 319.99, Region: NL, Type: Actual
2025-01-28 19:39:28,379 - INFO - Pod: workload-1738093168, Node: normal-worker2, Intensity: 452.5, Region: ERCOT, Type: Planned
2025-01-28 19:39:28,905 - INFO - Pod: workload-1738093168, Node: normal-worker2, Intensity: 452.5, Region: ERCOT, Type: Actual
2025-01-28 19:39:38,680 - INFO - Pod: workload-1738093178, Node: normal-worker3, Intensity: 319.99, Region: NL, Type: Planned
2025-01-28 19:39:39,202 - INFO - Pod: workload-1738093178, Node: normal-worker3, Intensity: 319.99, Region: NL, Type: Actual
2025-01-28 19:39:49,120 - INFO - Pod: workload-1738093189, Node: normal-worker2, Intensity: 452.5, Region: ERCOT, Type: Planned
2025-01-28 19:39:49,681 - INFO - Pod: workload-1738093189, Node: normal-worker2, Intensity: 452.5, Region: ERCOT, Type: Actual
2025-01-28 19:39:59,636 - INFO - Pod: workload-1738093199, Node: normal-worker, Intensity: 339.97, Region: DE, Type: Planned
2025-01-28 19:40:00,177 - INFO - Pod: workload-1738093199, Node: normal-worker, Intensity: 339.97, Region: DE, Type: Actual
2025-01-28 19:40:10,196 - INFO - Pod: workload-1738093210, Node: normal-worker, Intensity: 327.13, Region: DE, Type: Planned
2025-01-28 19:40:10,683 - INFO - Pod: workload-1738093210, Node: normal-worker, Intensity: 327.13, Region: DE, Type: Actual
2025-01-28 19:40:20,645 - INFO - Pod: workload-1738093220, Node: normal-worker, Intensity: 327.13, Region: DE, Type: Planned
2025-01-28 19:40:21,178 - INFO - Pod: workload-1738093220, Node: normal-worker, Intensity: 327.13, Region: DE, Type: Actual
2025-01-28 19:40:31,149 - INFO - Pod: workload-1738093231, Node: normal-worker3, Intensity: 314.06, Region: NL, Type: Planned
2025-01-28 19:40:31,661 - INFO - Pod: workload-1738093231, Node: normal-worker3, Intensity: 314.06, Region: NL, Type: Actual
2025-01-28 19:40:41,322 - INFO - Pod: workload-1738093241, Node: normal-worker, Intensity: 327.13, Region: DE, Type: Planned
2025-01-28 19:40:41,843 - INFO - Pod: workload-1738093241, Node: normal-worker, Intensity: 327.13, Region: DE, Type: Actual
2025-01-28 19:40:51,596 - INFO - Pod: workload-1738093251, Node: normal-worker3, Intensity: 314.06, Region: NL, Type: Planned
2025-01-28 19:40:52,079 - INFO - Pod: workload-1738093251, Node: normal-worker3, Intensity: 314.06, Region: NL, Type: Actual
2025-01-28 19:41:02,080 - INFO - Pod: workload-1738093262, Node: normal-worker3, Intensity: 280.73, Region: NL, Type: Planned
2025-01-28 19:41:02,607 - INFO - Pod: workload-1738093262, Node: normal-worker3, Intensity: 280.73, Region: NL, Type: Actual
2025-01-28 19:41:12,355 - INFO - Pod: workload-1738093272, Node: normal-worker, Intensity: 311.48, Region: DE, Type: Planned
2025-01-28 19:41:12,926 - INFO - Pod: workload-1738093272, Node: normal-worker, Intensity: 311.48, Region: DE, Type: Actual
2025-01-28 19:41:22,854 - INFO - Pod: workload-1738093282, Node: normal-worker2, Intensity: 410.05, Region: ERCOT, Type: Planned
2025-01-28 19:41:23,462 - INFO - Pod: workload-1738093282, Node: normal-worker2, Intensity: 410.05, Region: ERCOT, Type: Actual
2025-01-28 19:41:33,099 - INFO - Pod: workload-1738093293, Node: normal-worker, Intensity: 311.48, Region: DE, Type: Planned
2025-01-28 19:41:33,644 - INFO - Pod: workload-1738093293, Node: normal-worker, Intensity: 311.48, Region: DE, Type: Actual
2025-01-28 19:41:43,264 - INFO - Pod: workload-1738093303, Node: normal-worker2, Intensity: 410.05, Region: ERCOT, Type: Planned
2025-01-28 19:41:43,782 - INFO - Pod: workload-1738093303, Node: normal-worker2, Intensity: 410.05, Region: ERCOT, Type: Actual
2025-01-28 19:41:53,688 - INFO - Pod: workload-1738093313, Node: normal-worker2, Intensity: 410.05, Region: ERCOT, Type: Planned
2025-01-28 19:41:54,227 - INFO - Pod: workload-1738093313, Node: normal-worker2, Intensity: 410.05, Region: ERCOT, Type: Actual
2025-01-28 19:42:04,224 - INFO - Pod: workload-1738093324, Node: normal-worker3, Intensity: 244.81, Region: NL, Type: Planned
2025-01-28 19:42:04,549 - INFO - Pod: workload-1738093324, Node: normal-worker3, Intensity: 244.81, Region: NL, Type: Actual
2025-01-28 19:42:14,674 - INFO - Pod: workload-1738093334, Node: normal-worker2, Intensity: 396.23, Region: ERCOT, Type: Planned
2025-01-28 19:42:15,219 - INFO - Pod: workload-1738093334, Node: normal-worker2, Intensity: 396.23, Region: ERCOT, Type: Actual
2025-01-28 19:42:25,159 - INFO - Pod: workload-1738093345, Node: normal-worker, Intensity: 292.24, Region: DE, Type: Planned
2025-01-28 19:42:25,703 - INFO - Pod: workload-1738093345, Node: normal-worker, Intensity: 292.24, Region: DE, Type: Actual
2025-01-28 19:42:35,620 - INFO - Pod: workload-1738093355, Node: normal-worker2, Intensity: 396.23, Region: ERCOT, Type: Planned
2025-01-28 19:42:36,128 - INFO - Pod: workload-1738093355, Node: normal-worker2, Intensity: 396.23, Region: ERCOT, Type: Actual
2025-01-28 19:42:46,018 - INFO - Pod: workload-1738093365, Node: normal-worker3, Intensity: 244.81, Region: NL, Type: Planned
2025-01-28 19:42:46,354 - INFO - Pod: workload-1738093365, Node: normal-worker3, Intensity: 244.81, Region: NL, Type: Actual
2025-01-28 19:42:56,498 - INFO - Pod: workload-1738093376, Node: normal-worker3, Intensity: 244.81, Region: NL, Type: Planned
2025-01-28 19:42:57,062 - INFO - Pod: workload-1738093376, Node: normal-worker3, Intensity: 244.81, Region: NL, Type: Actual
2025-01-28 19:43:07,007 - INFO - Pod: workload-1738093386, Node: normal-worker3, Intensity: 231.16, Region: NL, Type: Planned
2025-01-28 19:43:07,537 - INFO - Pod: workload-1738093386, Node: normal-worker3, Intensity: 231.16, Region: NL, Type: Actual
2025-01-28 19:43:17,414 - INFO - Pod: workload-1738093397, Node: normal-worker2, Intensity: 390.36, Region: ERCOT, Type: Planned
2025-01-28 19:43:17,981 - INFO - Pod: workload-1738093397, Node: normal-worker2, Intensity: 390.36, Region: ERCOT, Type: Actual
2025-01-28 19:43:27,831 - INFO - Pod: workload-1738093407, Node: normal-worker3, Intensity: 231.16, Region: NL, Type: Planned
2025-01-28 19:43:28,400 - INFO - Pod: workload-1738093407, Node: normal-worker3, Intensity: 231.16, Region: NL, Type: Actual
2025-01-28 19:43:38,085 - INFO - Pod: workload-1738093418, Node: normal-worker3, Intensity: 231.16, Region: NL, Type: Planned
2025-01-28 19:43:39,115 - INFO - Pod: workload-1738093418, Node: normal-worker3, Intensity: 231.16, Region: NL, Type: Actual
2025-01-28 19:43:48,527 - INFO - Pod: workload-1738093428, Node: normal-worker, Intensity: 270.27, Region: DE, Type: Planned
2025-01-28 19:43:48,886 - INFO - Pod: workload-1738093428, Node: normal-worker, Intensity: 270.27, Region: DE, Type: Actual
2025-01-28 19:43:59,052 - INFO - Pod: workload-1738093438, Node: normal-worker3, Intensity: 231.16, Region: NL, Type: Planned
2025-01-28 19:43:59,381 - INFO - Pod: workload-1738093438, Node: normal-worker3, Intensity: 231.16, Region: NL, Type: Actual
2025-01-28 19:44:09,568 - INFO - Pod: workload-1738093449, Node: normal-worker2, Intensity: 380.23, Region: ERCOT, Type: Planned
2025-01-28 19:44:09,868 - INFO - Pod: workload-1738093449, Node: normal-worker2, Intensity: 380.23, Region: ERCOT, Type: Actual
2025-01-28 19:44:19,841 - INFO - Pod: workload-1738093459, Node: normal-worker, Intensity: 250.01, Region: DE, Type: Planned
2025-01-28 19:44:20,374 - INFO - Pod: workload-1738093459, Node: normal-worker, Intensity: 250.01, Region: DE, Type: Actual
2025-01-28 19:44:30,316 - INFO - Pod: workload-1738093470, Node: normal-worker3, Intensity: 227.35, Region: NL, Type: Planned
2025-01-28 19:44:30,887 - INFO - Pod: workload-1738093470, Node: normal-worker3, Intensity: 227.35, Region: NL, Type: Actual
2025-01-28 19:44:40,720 - INFO - Pod: workload-1738093480, Node: normal-worker2, Intensity: 380.23, Region: ERCOT, Type: Planned
2025-01-28 19:44:41,054 - INFO - Pod: workload-1738093480, Node: normal-worker2, Intensity: 380.23, Region: ERCOT, Type: Actual
2025-01-28 19:44:51,180 - INFO - Pod: workload-1738093491, Node: normal-worker, Intensity: 250.01, Region: DE, Type: Planned
2025-01-28 19:44:51,536 - INFO - Pod: workload-1738093491, Node: normal-worker, Intensity: 250.01, Region: DE, Type: Actual
2025-01-28 19:45:01,486 - INFO - Pod: workload-1738093501, Node: normal-worker2, Intensity: 380.32, Region: ERCOT, Type: Planned
2025-01-28 19:45:02,038 - INFO - Pod: workload-1738093501, Node: normal-worker2, Intensity: 380.32, Region: ERCOT, Type: Actual
2025-01-28 19:45:11,691 - INFO - Pod: workload-1738093511, Node: normal-worker2, Intensity: 380.32, Region: ERCOT, Type: Planned
2025-01-28 19:45:12,045 - INFO - Pod: workload-1738093511, Node: normal-worker2, Intensity: 380.32, Region: ERCOT, Type: Actual
2025-01-28 19:45:21,993 - INFO - Pod: workload-1738093521, Node: normal-worker3, Intensity: 224.22, Region: NL, Type: Planned
2025-01-28 19:45:22,365 - INFO - Pod: workload-1738093521, Node: normal-worker3, Intensity: 224.22, Region: NL, Type: Actual
2025-01-28 19:45:32,514 - INFO - Pod: workload-1738093532, Node: normal-worker3, Intensity: 224.22, Region: NL, Type: Planned
2025-01-28 19:45:32,889 - INFO - Pod: workload-1738093532, Node: normal-worker3, Intensity: 224.22, Region: NL, Type: Actual
2025-01-28 19:45:42,933 - INFO - Pod: workload-1738093542, Node: normal-worker2, Intensity: 380.32, Region: ERCOT, Type: Planned
2025-01-28 19:45:43,484 - INFO - Pod: workload-1738093542, Node: normal-worker2, Intensity: 380.32, Region: ERCOT, Type: Actual
2025-01-28 19:45:53,370 - INFO - Pod: workload-1738093553, Node: normal-worker2, Intensity: 380.32, Region: ERCOT, Type: Planned
2025-01-28 19:45:53,720 - INFO - Pod: workload-1738093553, Node: normal-worker2, Intensity: 380.32, Region: ERCOT, Type: Actual
2025-01-28 19:46:03,591 - INFO - Pod: workload-1738093563, Node: normal-worker3, Intensity: 216.41, Region: NL, Type: Planned
2025-01-28 19:46:04,104 - INFO - Pod: workload-1738093563, Node: normal-worker3, Intensity: 216.41, Region: NL, Type: Actual
2025-01-28 19:46:13,992 - INFO - Pod: workload-1738093573, Node: normal-worker3, Intensity: 216.41, Region: NL, Type: Planned
2025-01-28 19:46:14,526 - INFO - Pod: workload-1738093573, Node: normal-worker3, Intensity: 216.41, Region: NL, Type: Actual
2025-01-28 19:46:24,503 - INFO - Pod: workload-1738093584, Node: normal-worker, Intensity: 199.49, Region: DE, Type: Planned
2025-01-28 19:46:24,785 - INFO - Pod: workload-1738093584, Node: normal-worker, Intensity: 199.49, Region: DE, Type: Actual
2025-01-28 19:46:34,839 - INFO - Pod: workload-1738093594, Node: normal-worker3, Intensity: 216.41, Region: NL, Type: Planned
2025-01-28 19:46:35,177 - INFO - Pod: workload-1738093594, Node: normal-worker3, Intensity: 216.41, Region: NL, Type: Actual
2025-01-28 19:46:45,284 - INFO - Pod: workload-1738093605, Node: normal-worker2, Intensity: 408.02, Region: ERCOT, Type: Planned
2025-01-28 19:46:45,657 - INFO - Pod: workload-1738093605, Node: normal-worker2, Intensity: 408.02, Region: ERCOT, Type: Actual
2025-01-28 19:46:55,564 - INFO - Pod: workload-1738093615, Node: normal-worker, Intensity: 199.49, Region: DE, Type: Planned
2025-01-28 19:46:55,942 - INFO - Pod: workload-1738093615, Node: normal-worker, Intensity: 199.49, Region: DE, Type: Actual
2025-01-28 19:47:05,814 - INFO - Pod: workload-1738093625, Node: normal-worker3, Intensity: 223.87, Region: NL, Type: Planned
2025-01-28 19:47:06,340 - INFO - Pod: workload-1738093625, Node: normal-worker3, Intensity: 223.87, Region: NL, Type: Actual
2025-01-28 19:47:16,224 - INFO - Pod: workload-1738093636, Node: normal-worker2, Intensity: 413.29, Region: ERCOT, Type: Planned
2025-01-28 19:47:16,550 - INFO - Pod: workload-1738093636, Node: normal-worker2, Intensity: 413.29, Region: ERCOT, Type: Actual
2025-01-28 19:47:26,780 - INFO - Pod: workload-1738093646, Node: normal-worker, Intensity: 198.43, Region: DE, Type: Planned
2025-01-28 19:47:27,127 - INFO - Pod: workload-1738093646, Node: normal-worker, Intensity: 198.43, Region: DE, Type: Actual
2025-01-28 19:47:37,040 - INFO - Pod: workload-1738093657, Node: normal-worker3, Intensity: 223.87, Region: NL, Type: Planned
2025-01-28 19:47:37,413 - INFO - Pod: workload-1738093657, Node: normal-worker3, Intensity: 223.87, Region: NL, Type: Actual
2025-01-28 19:47:47,480 - INFO - Pod: workload-1738093667, Node: normal-worker2, Intensity: 413.29, Region: ERCOT, Type: Planned
2025-01-28 19:47:48,033 - INFO - Pod: workload-1738093667, Node: normal-worker2, Intensity: 413.29, Region: ERCOT, Type: Actual
2025-01-28 19:47:58,008 - INFO - Pod: workload-1738093677, Node: normal-worker2, Intensity: 413.29, Region: ERCOT, Type: Planned
2025-01-28 19:47:58,583 - INFO - Pod: workload-1738093677, Node: normal-worker2, Intensity: 413.29, Region: ERCOT, Type: Actual
2025-01-28 19:48:08,525 - INFO - Pod: workload-1738093688, Node: normal-worker3, Intensity: 231.31, Region: NL, Type: Planned
2025-01-28 19:48:08,899 - INFO - Pod: workload-1738093688, Node: normal-worker3, Intensity: 231.31, Region: NL, Type: Actual
2025-01-28 19:48:18,762 - INFO - Pod: workload-1738093698, Node: normal-worker2, Intensity: 401.54, Region: ERCOT, Type: Planned
2025-01-28 19:48:19,124 - INFO - Pod: workload-1738093698, Node: normal-worker2, Intensity: 401.54, Region: ERCOT, Type: Actual
2025-01-28 19:48:29,078 - INFO - Pod: workload-1738093708, Node: normal-worker2, Intensity: 401.54, Region: ERCOT, Type: Planned
2025-01-28 19:48:29,583 - INFO - Pod: workload-1738093708, Node: normal-worker2, Intensity: 401.54, Region: ERCOT, Type: Actual
2025-01-28 19:48:39,595 - INFO - Pod: workload-1738093719, Node: normal-worker, Intensity: 193.78, Region: DE, Type: Planned
2025-01-28 19:48:40,116 - INFO - Pod: workload-1738093719, Node: normal-worker, Intensity: 193.78, Region: DE, Type: Actual
2025-01-28 19:48:50,005 - INFO - Pod: workload-1738093729, Node: normal-worker2, Intensity: 401.54, Region: ERCOT, Type: Planned
2025-01-28 19:48:50,403 - INFO - Pod: workload-1738093729, Node: normal-worker2, Intensity: 401.54, Region: ERCOT, Type: Actual
2025-01-28 19:49:00,312 - INFO - Pod: workload-1738093740, Node: normal-worker, Intensity: 197.76, Region: DE, Type: Planned
2025-01-28 19:49:00,655 - INFO - Pod: workload-1738093740, Node: normal-worker, Intensity: 197.76, Region: DE, Type: Actual
2025-01-28 19:49:10,495 - INFO - Pod: workload-1738093750, Node: normal-worker3, Intensity: 239.99, Region: NL, Type: Planned
2025-01-28 19:49:10,868 - INFO - Pod: workload-1738093750, Node: normal-worker3, Intensity: 239.99, Region: NL, Type: Actual
2025-01-28 19:49:20,771 - INFO - Pod: workload-1738093760, Node: normal-worker3, Intensity: 239.99, Region: NL, Type: Planned
2025-01-28 19:49:21,293 - INFO - Pod: workload-1738093760, Node: normal-worker3, Intensity: 239.99, Region: NL, Type: Actual
2025-01-28 19:49:31,069 - INFO - Pod: workload-1738093770, Node: normal-worker3, Intensity: 239.99, Region: NL, Type: Planned
2025-01-28 19:49:31,587 - INFO - Pod: workload-1738093770, Node: normal-worker3, Intensity: 239.99, Region: NL, Type: Actual
2025-01-28 19:49:41,537 - INFO - Pod: workload-1738093781, Node: normal-worker3, Intensity: 239.99, Region: NL, Type: Planned
2025-01-28 19:49:41,871 - INFO - Pod: workload-1738093781, Node: normal-worker3, Intensity: 239.99, Region: NL, Type: Actual
2025-01-28 19:49:52,025 - INFO - Pod: workload-1738093791, Node: normal-worker3, Intensity: 239.99, Region: NL, Type: Planned
2025-01-28 19:49:52,353 - INFO - Pod: workload-1738093791, Node: normal-worker3, Intensity: 239.99, Region: NL, Type: Actual
2025-01-28 19:50:02,350 - INFO - Pod: workload-1738093802, Node: normal-worker, Intensity: 203.34, Region: DE, Type: Planned
2025-01-28 19:50:02,896 - INFO - Pod: workload-1738093802, Node: normal-worker, Intensity: 203.34, Region: DE, Type: Actual
2025-01-28 19:50:12,596 - INFO - Pod: workload-1738093812, Node: normal-worker2, Intensity: 367.79, Region: ERCOT, Type: Planned
2025-01-28 19:50:12,920 - INFO - Pod: workload-1738093812, Node: normal-worker2, Intensity: 367.79, Region: ERCOT, Type: Actual
2025-01-28 19:50:23,079 - INFO - Pod: workload-1738093823, Node: normal-worker3, Intensity: 236.44, Region: NL, Type: Planned
2025-01-28 19:50:23,437 - INFO - Pod: workload-1738093823, Node: normal-worker3, Intensity: 236.44, Region: NL, Type: Actual
2025-01-28 19:50:33,531 - INFO - Pod: workload-1738093833, Node: normal-worker2, Intensity: 367.79, Region: ERCOT, Type: Planned
2025-01-28 19:50:33,857 - INFO - Pod: workload-1738093833, Node: normal-worker2, Intensity: 367.79, Region: ERCOT, Type: Actual
2025-01-28 19:50:43,976 - INFO - Pod: workload-1738093843, Node: normal-worker3, Intensity: 236.44, Region: NL, Type: Planned
2025-01-28 19:50:44,471 - INFO - Pod: workload-1738093843, Node: normal-worker3, Intensity: 236.44, Region: NL, Type: Actual
2025-01-28 19:50:54,276 - INFO - Pod: workload-1738093854, Node: normal-worker3, Intensity: 236.44, Region: NL, Type: Planned
2025-01-28 19:50:54,866 - INFO - Pod: workload-1738093854, Node: normal-worker3, Intensity: 236.44, Region: NL, Type: Actual
2025-01-28 19:51:04,826 - INFO - Pod: workload-1738093864, Node: normal-worker, Intensity: 209.73, Region: DE, Type: Planned
2025-01-28 19:51:05,389 - INFO - Pod: workload-1738093864, Node: normal-worker, Intensity: 209.73, Region: DE, Type: Actual
2025-01-28 19:51:15,064 - INFO - Pod: workload-1738093875, Node: normal-worker2, Intensity: 383.45, Region: ERCOT, Type: Planned
2025-01-28 19:51:15,602 - INFO - Pod: workload-1738093875, Node: normal-worker2, Intensity: 383.45, Region: ERCOT, Type: Actual
2025-01-28 19:51:25,336 - INFO - Pod: workload-1738093885, Node: normal-worker3, Intensity: 228.13, Region: NL, Type: Planned
2025-01-28 19:51:25,896 - INFO - Pod: workload-1738093885, Node: normal-worker3, Intensity: 228.13, Region: NL, Type: Actual
2025-01-28 19:51:35,806 - INFO - Pod: workload-1738093895, Node: normal-worker3, Intensity: 228.13, Region: NL, Type: Planned
2025-01-28 19:51:36,372 - INFO - Pod: workload-1738093895, Node: normal-worker3, Intensity: 228.13, Region: NL, Type: Actual
2025-01-28 19:51:46,259 - INFO - Pod: workload-1738093906, Node: normal-worker, Intensity: 209.73, Region: DE, Type: Planned
2025-01-28 19:51:46,791 - INFO - Pod: workload-1738093906, Node: normal-worker, Intensity: 209.73, Region: DE, Type: Actual
2025-01-28 19:51:56,717 - INFO - Pod: workload-1738093916, Node: normal-worker3, Intensity: 228.13, Region: NL, Type: Planned
2025-01-28 19:51:57,037 - INFO - Pod: workload-1738093916, Node: normal-worker3, Intensity: 228.13, Region: NL, Type: Actual
2025-01-28 19:52:06,964 - INFO - Pod: workload-1738093926, Node: normal-worker2, Intensity: 424.82, Region: ERCOT, Type: Planned
2025-01-28 19:52:07,337 - INFO - Pod: workload-1738093926, Node: normal-worker2, Intensity: 424.82, Region: ERCOT, Type: Actual
2025-01-28 19:52:17,379 - INFO - Pod: workload-1738093937, Node: normal-worker, Intensity: 236.98, Region: DE, Type: Planned
2025-01-28 19:52:17,953 - INFO - Pod: workload-1738093937, Node: normal-worker, Intensity: 236.98, Region: DE, Type: Actual
2025-01-28 19:52:27,859 - INFO - Pod: workload-1738093947, Node: normal-worker, Intensity: 236.98, Region: DE, Type: Planned
2025-01-28 19:52:28,210 - INFO - Pod: workload-1738093947, Node: normal-worker, Intensity: 236.98, Region: DE, Type: Actual
2025-01-28 19:52:38,332 - INFO - Pod: workload-1738093958, Node: normal-worker2, Intensity: 424.82, Region: ERCOT, Type: Planned
2025-01-28 19:52:38,894 - INFO - Pod: workload-1738093958, Node: normal-worker2, Intensity: 424.82, Region: ERCOT, Type: Actual
2025-01-28 19:52:48,682 - INFO - Pod: workload-1738093968, Node: normal-worker3, Intensity: 226.93, Region: NL, Type: Planned
2025-01-28 19:52:49,008 - INFO - Pod: workload-1738093968, Node: normal-worker3, Intensity: 226.93, Region: NL, Type: Actual
2025-01-28 19:52:58,982 - INFO - Pod: workload-1738093978, Node: normal-worker2, Intensity: 424.82, Region: ERCOT, Type: Planned
2025-01-28 19:52:59,575 - INFO - Pod: workload-1738093978, Node: normal-worker2, Intensity: 424.82, Region: ERCOT, Type: Actual
2025-01-28 19:53:09,431 - INFO - Pod: workload-1738093989, Node: normal-worker3, Intensity: 218.69, Region: NL, Type: Planned
2025-01-28 19:53:09,946 - INFO - Pod: workload-1738093989, Node: normal-worker3, Intensity: 218.69, Region: NL, Type: Actual
2025-01-28 19:53:19,729 - INFO - Pod: workload-1738093999, Node: normal-worker3, Intensity: 218.69, Region: NL, Type: Planned
2025-01-28 19:53:20,069 - INFO - Pod: workload-1738093999, Node: normal-worker3, Intensity: 218.69, Region: NL, Type: Actual
2025-01-28 19:53:30,138 - INFO - Pod: workload-1738094010, Node: normal-worker, Intensity: 277.33, Region: DE, Type: Planned
2025-01-28 19:53:30,464 - INFO - Pod: workload-1738094010, Node: normal-worker, Intensity: 277.33, Region: DE, Type: Actual
2025-01-28 19:53:40,336 - INFO - Pod: workload-1738094020, Node: normal-worker3, Intensity: 218.69, Region: NL, Type: Planned
2025-01-28 19:53:40,842 - INFO - Pod: workload-1738094020, Node: normal-worker3, Intensity: 218.69, Region: NL, Type: Actual
2025-01-28 19:53:50,616 - INFO - Pod: workload-1738094030, Node: normal-worker2, Intensity: 453.73, Region: ERCOT, Type: Planned
2025-01-28 19:53:50,934 - INFO - Pod: workload-1738094030, Node: normal-worker2, Intensity: 453.73, Region: ERCOT, Type: Actual
2025-01-28 19:54:00,920 - INFO - Pod: workload-1738094040, Node: normal-worker3, Intensity: 222.37, Region: NL, Type: Planned
2025-01-28 19:54:01,484 - INFO - Pod: workload-1738094040, Node: normal-worker3, Intensity: 222.37, Region: NL, Type: Actual
2025-01-28 19:54:11,361 - INFO - Pod: workload-1738094051, Node: normal-worker3, Intensity: 222.37, Region: NL, Type: Planned
2025-01-28 19:54:11,917 - INFO - Pod: workload-1738094051, Node: normal-worker3, Intensity: 222.37, Region: NL, Type: Actual
2025-01-28 19:54:21,834 - INFO - Pod: workload-1738094061, Node: normal-worker2, Intensity: 454.28, Region: ERCOT, Type: Planned
2025-01-28 19:54:22,361 - INFO - Pod: workload-1738094061, Node: normal-worker2, Intensity: 454.28, Region: ERCOT, Type: Actual
2025-01-28 19:54:32,266 - INFO - Pod: workload-1738094072, Node: normal-worker, Intensity: 321.31, Region: DE, Type: Planned
2025-01-28 19:54:32,805 - INFO - Pod: workload-1738094072, Node: normal-worker, Intensity: 321.31, Region: DE, Type: Actual
2025-01-28 19:54:42,655 - INFO - Pod: workload-1738094082, Node: normal-worker3, Intensity: 222.37, Region: NL, Type: Planned
2025-01-28 19:54:42,955 - INFO - Pod: workload-1738094082, Node: normal-worker3, Intensity: 222.37, Region: NL, Type: Actual
2025-01-28 19:54:53,120 - INFO - Pod: workload-1738094093, Node: normal-worker2, Intensity: 454.28, Region: ERCOT, Type: Planned
2025-01-28 19:54:53,426 - INFO - Pod: workload-1738094093, Node: normal-worker2, Intensity: 454.28, Region: ERCOT, Type: Actual
2025-01-28 19:55:03,563 - INFO - Pod: workload-1738094103, Node: normal-worker, Intensity: 329.16, Region: DE, Type: Planned
2025-01-28 19:55:03,886 - INFO - Pod: workload-1738094103, Node: normal-worker, Intensity: 329.16, Region: DE, Type: Actual
2025-01-28 19:55:13,936 - INFO - Pod: workload-1738094113, Node: normal-worker2, Intensity: 451.23, Region: ERCOT, Type: Planned
2025-01-28 19:55:14,475 - INFO - Pod: workload-1738094113, Node: normal-worker2, Intensity: 451.23, Region: ERCOT, Type: Actual
2025-01-28 19:55:24,365 - INFO - Pod: workload-1738094124, Node: normal-worker, Intensity: 329.16, Region: DE, Type: Planned
2025-01-28 19:55:24,902 - INFO - Pod: workload-1738094124, Node: normal-worker, Intensity: 329.16, Region: DE, Type: Actual
2025-01-28 19:55:34,835 - INFO - Pod: workload-1738094134, Node: normal-worker, Intensity: 329.16, Region: DE, Type: Planned
2025-01-28 19:55:35,230 - INFO - Pod: workload-1738094134, Node: normal-worker, Intensity: 329.16, Region: DE, Type: Actual
2025-01-28 19:55:45,234 - INFO - Pod: workload-1738094145, Node: normal-worker2, Intensity: 451.23, Region: ERCOT, Type: Planned
2025-01-28 19:55:45,765 - INFO - Pod: workload-1738094145, Node: normal-worker2, Intensity: 451.23, Region: ERCOT, Type: Actual
2025-01-28 19:55:55,672 - INFO - Pod: workload-1738094155, Node: normal-worker2, Intensity: 451.23, Region: ERCOT, Type: Planned
2025-01-28 19:55:55,985 - INFO - Pod: workload-1738094155, Node: normal-worker2, Intensity: 451.23, Region: ERCOT, Type: Actual
2025-01-28 19:56:06,160 - INFO - Pod: workload-1738094166, Node: normal-worker3, Intensity: 317.16, Region: NL, Type: Planned
2025-01-28 19:56:06,742 - INFO - Pod: workload-1738094166, Node: normal-worker3, Intensity: 317.16, Region: NL, Type: Actual
2025-01-28 19:56:16,567 - INFO - Pod: workload-1738094176, Node: normal-worker3, Intensity: 317.16, Region: NL, Type: Planned
2025-01-28 19:56:16,895 - INFO - Pod: workload-1738094176, Node: normal-worker3, Intensity: 317.16, Region: NL, Type: Actual
2025-01-28 19:56:26,794 - INFO - Pod: workload-1738094186, Node: normal-worker3, Intensity: 317.16, Region: NL, Type: Planned
2025-01-28 19:56:27,105 - INFO - Pod: workload-1738094186, Node: normal-worker3, Intensity: 317.16, Region: NL, Type: Actual
2025-01-28 19:56:37,273 - INFO - Pod: workload-1738094197, Node: normal-worker2, Intensity: 448.35, Region: ERCOT, Type: Planned
2025-01-28 19:56:37,694 - INFO - Pod: workload-1738094197, Node: normal-worker2, Intensity: 448.35, Region: ERCOT, Type: Actual
2025-01-28 19:56:47,479 - INFO - Pod: workload-1738094207, Node: normal-worker3, Intensity: 317.16, Region: NL, Type: Planned
2025-01-28 19:56:47,830 - INFO - Pod: workload-1738094207, Node: normal-worker3, Intensity: 317.16, Region: NL, Type: Actual
2025-01-28 19:56:57,760 - INFO - Pod: workload-1738094217, Node: normal-worker2, Intensity: 448.35, Region: ERCOT, Type: Planned
2025-01-28 19:56:58,350 - INFO - Pod: workload-1738094217, Node: normal-worker2, Intensity: 448.35, Region: ERCOT, Type: Actual
2025-01-28 19:57:08,278 - INFO - Pod: workload-1738094228, Node: normal-worker, Intensity: 327.79, Region: DE, Type: Planned
2025-01-28 19:57:08,644 - INFO - Pod: workload-1738094228, Node: normal-worker, Intensity: 327.79, Region: DE, Type: Actual
2025-01-28 19:57:18,787 - INFO - Pod: workload-1738094238, Node: normal-worker2, Intensity: 446.97, Region: ERCOT, Type: Planned
2025-01-28 19:57:19,427 - INFO - Pod: workload-1738094238, Node: normal-worker2, Intensity: 446.97, Region: ERCOT, Type: Actual
2025-01-28 19:57:29,224 - INFO - Pod: workload-1738094249, Node: normal-worker, Intensity: 327.79, Region: DE, Type: Planned
2025-01-28 19:57:29,597 - INFO - Pod: workload-1738094249, Node: normal-worker, Intensity: 327.79, Region: DE, Type: Actual
2025-01-28 19:57:39,489 - INFO - Pod: workload-1738094259, Node: normal-worker2, Intensity: 446.97, Region: ERCOT, Type: Planned
2025-01-28 19:57:39,812 - INFO - Pod: workload-1738094259, Node: normal-worker2, Intensity: 446.97, Region: ERCOT, Type: Actual
2025-01-28 19:57:49,944 - INFO - Pod: workload-1738094269, Node: normal-worker2, Intensity: 446.97, Region: ERCOT, Type: Planned
2025-01-28 19:57:50,518 - INFO - Pod: workload-1738094269, Node: normal-worker2, Intensity: 446.97, Region: ERCOT, Type: Actual
2025-01-28 19:58:00,454 - INFO - Pod: workload-1738094280, Node: normal-worker, Intensity: 304.66, Region: DE, Type: Planned
2025-01-28 19:58:00,807 - INFO - Pod: workload-1738094280, Node: normal-worker, Intensity: 304.66, Region: DE, Type: Actual
2025-01-28 19:58:10,881 - INFO - Pod: workload-1738094290, Node: normal-worker3, Intensity: 297.61, Region: NL, Type: Planned
2025-01-28 19:58:11,227 - INFO - Pod: workload-1738094290, Node: normal-worker3, Intensity: 297.61, Region: NL, Type: Actual
2025-01-28 19:58:21,339 - INFO - Pod: workload-1738094301, Node: normal-worker3, Intensity: 297.61, Region: NL, Type: Planned
2025-01-28 19:58:21,664 - INFO - Pod: workload-1738094301, Node: normal-worker3, Intensity: 297.61, Region: NL, Type: Actual
2025-01-28 19:58:31,542 - INFO - Pod: workload-1738094311, Node: normal-worker3, Intensity: 297.61, Region: NL, Type: Planned
2025-01-28 19:58:31,896 - INFO - Pod: workload-1738094311, Node: normal-worker3, Intensity: 297.61, Region: NL, Type: Actual
2025-01-28 19:58:41,907 - INFO - Pod: workload-1738094321, Node: normal-worker2, Intensity: 442.63, Region: ERCOT, Type: Planned
2025-01-28 19:58:42,444 - INFO - Pod: workload-1738094321, Node: normal-worker2, Intensity: 442.63, Region: ERCOT, Type: Actual
2025-01-28 19:58:52,362 - INFO - Pod: workload-1738094332, Node: normal-worker, Intensity: 304.66, Region: DE, Type: Planned
2025-01-28 19:58:52,714 - INFO - Pod: workload-1738094332, Node: normal-worker, Intensity: 304.66, Region: DE, Type: Actual
2025-01-28 19:59:02,630 - INFO - Pod: workload-1738094342, Node: normal-worker3, Intensity: 261.64, Region: NL, Type: Planned
2025-01-28 19:59:03,159 - INFO - Pod: workload-1738094342, Node: normal-worker3, Intensity: 261.64, Region: NL, Type: Actual
2025-01-28 19:59:12,995 - INFO - Pod: workload-1738094352, Node: normal-worker2, Intensity: 443.95, Region: ERCOT, Type: Planned
2025-01-28 19:59:13,514 - INFO - Pod: workload-1738094352, Node: normal-worker2, Intensity: 443.95, Region: ERCOT, Type: Actual
2025-01-28 19:59:23,299 - INFO - Pod: workload-1738094363, Node: normal-worker3, Intensity: 261.64, Region: NL, Type: Planned
2025-01-28 19:59:23,865 - INFO - Pod: workload-1738094363, Node: normal-worker3, Intensity: 261.64, Region: NL, Type: Actual
2025-01-28 19:59:33,870 - INFO - Pod: workload-1738094373, Node: normal-worker3, Intensity: 261.64, Region: NL, Type: Planned
2025-01-28 19:59:34,435 - INFO - Pod: workload-1738094373, Node: normal-worker3, Intensity: 261.64, Region: NL, Type: Actual
2025-01-28 19:59:44,314 - INFO - Pod: workload-1738094384, Node: normal-worker3, Intensity: 261.64, Region: NL, Type: Planned
2025-01-28 19:59:44,621 - INFO - Pod: workload-1738094384, Node: normal-worker3, Intensity: 261.64, Region: NL, Type: Actual
2025-01-28 19:59:54,758 - INFO - Pod: workload-1738094394, Node: normal-worker, Intensity: 297.8, Region: DE, Type: Planned
2025-01-28 19:59:55,291 - INFO - Pod: workload-1738094394, Node: normal-worker, Intensity: 297.8, Region: DE, Type: Actual
2025-01-28 20:00:05,046 - INFO - Pod: workload-1738094404, Node: normal-worker2, Intensity: 470.44, Region: ERCOT, Type: Planned
2025-01-28 20:00:05,602 - INFO - Pod: workload-1738094404, Node: normal-worker2, Intensity: 470.44, Region: ERCOT, Type: Actual
2025-01-28 20:00:15,464 - INFO - Pod: workload-1738094415, Node: normal-worker3, Intensity: 131.63, Region: NL, Type: Planned
2025-01-28 20:00:15,799 - INFO - Pod: workload-1738094415, Node: normal-worker3, Intensity: 131.63, Region: NL, Type: Actual
2025-01-28 20:00:25,732 - INFO - Pod: workload-1738094425, Node: normal-worker, Intensity: 291.11, Region: DE, Type: Planned
2025-01-28 20:00:26,095 - INFO - Pod: workload-1738094425, Node: normal-worker, Intensity: 291.11, Region: DE, Type: Actual
2025-01-28 20:00:36,067 - INFO - Pod: workload-1738094435, Node: normal-worker, Intensity: 291.11, Region: DE, Type: Planned
2025-01-28 20:00:36,600 - INFO - Pod: workload-1738094435, Node: normal-worker, Intensity: 291.11, Region: DE, Type: Actual
2025-01-28 20:00:46,477 - INFO - Pod: workload-1738094446, Node: normal-worker3, Intensity: 131.63, Region: NL, Type: Planned
2025-01-28 20:00:46,831 - INFO - Pod: workload-1738094446, Node: normal-worker3, Intensity: 131.63, Region: NL, Type: Actual
2025-01-28 20:00:56,980 - INFO - Pod: workload-1738094456, Node: normal-worker3, Intensity: 131.63, Region: NL, Type: Planned
2025-01-28 20:00:57,506 - INFO - Pod: workload-1738094456, Node: normal-worker3, Intensity: 131.63, Region: NL, Type: Actual
2025-01-28 20:01:07,250 - INFO - Pod: workload-1738094467, Node: normal-worker, Intensity: 292.35, Region: DE, Type: Planned
2025-01-28 20:01:07,621 - INFO - Pod: workload-1738094467, Node: normal-worker, Intensity: 292.35, Region: DE, Type: Actual
2025-01-28 20:01:17,630 - INFO - Pod: workload-1738094477, Node: normal-worker3, Intensity: 117.68, Region: NL, Type: Planned
2025-01-28 20:01:17,948 - INFO - Pod: workload-1738094477, Node: normal-worker3, Intensity: 117.68, Region: NL, Type: Actual
2025-01-28 20:01:28,183 - INFO - Pod: workload-1738094488, Node: normal-worker, Intensity: 292.35, Region: DE, Type: Planned
2025-01-28 20:01:28,762 - INFO - Pod: workload-1738094488, Node: normal-worker, Intensity: 292.35, Region: DE, Type: Actual
2025-01-28 20:01:38,646 - INFO - Pod: workload-1738094498, Node: normal-worker3, Intensity: 117.68, Region: NL, Type: Planned
2025-01-28 20:01:39,216 - INFO - Pod: workload-1738094498, Node: normal-worker3, Intensity: 117.68, Region: NL, Type: Actual
2025-01-28 20:01:48,958 - INFO - Pod: workload-1738094508, Node: normal-worker3, Intensity: 117.68, Region: NL, Type: Planned
2025-01-28 20:01:49,521 - INFO - Pod: workload-1738094508, Node: normal-worker3, Intensity: 117.68, Region: NL, Type: Actual
2025-01-28 20:01:59,408 - INFO - Pod: workload-1738094519, Node: normal-worker3, Intensity: 117.68, Region: NL, Type: Planned
2025-01-28 20:01:59,961 - INFO - Pod: workload-1738094519, Node: normal-worker3, Intensity: 117.68, Region: NL, Type: Actual
2025-01-28 20:02:09,834 - INFO - Pod: workload-1738094529, Node: normal-worker2, Intensity: 482.49, Region: ERCOT, Type: Planned
2025-01-28 20:02:10,221 - INFO - Pod: workload-1738094529, Node: normal-worker2, Intensity: 482.49, Region: ERCOT, Type: Actual
2025-01-28 20:02:20,306 - INFO - Pod: workload-1738094540, Node: normal-worker3, Intensity: 114.1, Region: NL, Type: Planned
2025-01-28 20:02:20,630 - INFO - Pod: workload-1738094540, Node: normal-worker3, Intensity: 114.1, Region: NL, Type: Actual
2025-01-28 20:02:30,761 - INFO - Pod: workload-1738094550, Node: normal-worker, Intensity: 290.92, Region: DE, Type: Planned
2025-01-28 20:02:31,115 - INFO - Pod: workload-1738094550, Node: normal-worker, Intensity: 290.92, Region: DE, Type: Actual
2025-01-28 20:02:41,176 - INFO - Pod: workload-1738094561, Node: normal-worker2, Intensity: 482.49, Region: ERCOT, Type: Planned
2025-01-28 20:02:41,696 - INFO - Pod: workload-1738094561, Node: normal-worker2, Intensity: 482.49, Region: ERCOT, Type: Actual
2025-01-28 20:02:51,674 - INFO - Pod: workload-1738094571, Node: normal-worker, Intensity: 290.92, Region: DE, Type: Planned
2025-01-28 20:02:52,009 - INFO - Pod: workload-1738094571, Node: normal-worker, Intensity: 290.92, Region: DE, Type: Actual
2025-01-28 20:03:01,880 - INFO - Pod: workload-1738094581, Node: normal-worker2, Intensity: 462.35, Region: ERCOT, Type: Planned
2025-01-28 20:03:02,409 - INFO - Pod: workload-1738094581, Node: normal-worker2, Intensity: 462.35, Region: ERCOT, Type: Actual
2025-01-28 20:03:12,271 - INFO - Pod: workload-1738094592, Node: normal-worker2, Intensity: 462.35, Region: ERCOT, Type: Planned
2025-01-28 20:03:12,587 - INFO - Pod: workload-1738094592, Node: normal-worker2, Intensity: 462.35, Region: ERCOT, Type: Actual
2025-01-28 20:03:22,758 - INFO - Pod: workload-1738094602, Node: normal-worker, Intensity: 288.95, Region: DE, Type: Planned
2025-01-28 20:03:23,087 - INFO - Pod: workload-1738094602, Node: normal-worker, Intensity: 288.95, Region: DE, Type: Actual
2025-01-28 20:03:33,179 - INFO - Pod: workload-1738094613, Node: normal-worker2, Intensity: 462.35, Region: ERCOT, Type: Planned
2025-01-28 20:03:33,684 - INFO - Pod: workload-1738094613, Node: normal-worker2, Intensity: 462.35, Region: ERCOT, Type: Actual
2025-01-28 20:03:43,575 - INFO - Pod: workload-1738094623, Node: normal-worker2, Intensity: 462.35, Region: ERCOT, Type: Planned
2025-01-28 20:03:43,966 - INFO - Pod: workload-1738094623, Node: normal-worker2, Intensity: 462.35, Region: ERCOT, Type: Actual
2025-01-28 20:03:53,873 - INFO - Pod: workload-1738094633, Node: normal-worker3, Intensity: 110.52, Region: NL, Type: Planned
2025-01-28 20:03:54,268 - INFO - Pod: workload-1738094633, Node: normal-worker3, Intensity: 110.52, Region: NL, Type: Actual
2025-01-28 20:04:04,145 - INFO - Pod: workload-1738094644, Node: normal-worker, Intensity: 284.0, Region: DE, Type: Planned
2025-01-28 20:04:04,490 - INFO - Pod: workload-1738094644, Node: normal-worker, Intensity: 284.0, Region: DE, Type: Actual
2025-01-28 20:04:14,570 - INFO - Pod: workload-1738094654, Node: normal-worker, Intensity: 284.0, Region: DE, Type: Planned
2025-01-28 20:04:14,952 - INFO - Pod: workload-1738094654, Node: normal-worker, Intensity: 284.0, Region: DE, Type: Actual
2025-01-28 20:04:25,018 - INFO - Pod: workload-1738094664, Node: normal-worker2, Intensity: 449.86, Region: ERCOT, Type: Planned
2025-01-28 20:04:25,567 - INFO - Pod: workload-1738094664, Node: normal-worker2, Intensity: 449.86, Region: ERCOT, Type: Actual
2025-01-28 20:04:35,294 - INFO - Pod: workload-1738094675, Node: normal-worker2, Intensity: 449.86, Region: ERCOT, Type: Planned
2025-01-28 20:04:35,625 - INFO - Pod: workload-1738094675, Node: normal-worker2, Intensity: 449.86, Region: ERCOT, Type: Actual
2025-01-28 20:04:45,712 - INFO - Pod: workload-1738094685, Node: normal-worker3, Intensity: 96.09, Region: NL, Type: Planned
2025-01-28 20:04:46,061 - INFO - Pod: workload-1738094685, Node: normal-worker3, Intensity: 96.09, Region: NL, Type: Actual
2025-01-28 20:04:56,163 - INFO - Pod: workload-1738094696, Node: normal-worker, Intensity: 284.0, Region: DE, Type: Planned
2025-01-28 20:04:56,511 - INFO - Pod: workload-1738094696, Node: normal-worker, Intensity: 284.0, Region: DE, Type: Actual
2025-01-28 20:05:06,692 - INFO - Pod: workload-1738094706, Node: normal-worker3, Intensity: 77.65, Region: NL, Type: Planned
2025-01-28 20:05:07,257 - INFO - Pod: workload-1738094706, Node: normal-worker3, Intensity: 77.65, Region: NL, Type: Actual
2025-01-28 20:05:17,099 - INFO - Pod: workload-1738094717, Node: normal-worker, Intensity: 268.58, Region: DE, Type: Planned
2025-01-28 20:05:17,602 - INFO - Pod: workload-1738094717, Node: normal-worker, Intensity: 268.58, Region: DE, Type: Actual
2025-01-28 20:05:27,405 - INFO - Pod: workload-1738094727, Node: normal-worker3, Intensity: 77.65, Region: NL, Type: Planned
2025-01-28 20:05:27,691 - INFO - Pod: workload-1738094727, Node: normal-worker3, Intensity: 77.65, Region: NL, Type: Actual
2025-01-28 20:05:37,907 - INFO - Pod: workload-1738094737, Node: normal-worker3, Intensity: 77.65, Region: NL, Type: Planned
2025-01-28 20:05:38,206 - INFO - Pod: workload-1738094737, Node: normal-worker3, Intensity: 77.65, Region: NL, Type: Actual
2025-01-28 20:05:48,285 - INFO - Pod: workload-1738094748, Node: normal-worker2, Intensity: 438.78, Region: ERCOT, Type: Planned
2025-01-28 20:05:48,803 - INFO - Pod: workload-1738094748, Node: normal-worker2, Intensity: 438.78, Region: ERCOT, Type: Actual
2025-01-28 20:05:58,745 - INFO - Pod: workload-1738094758, Node: normal-worker2, Intensity: 438.78, Region: ERCOT, Type: Planned
2025-01-28 20:05:59,128 - INFO - Pod: workload-1738094758, Node: normal-worker2, Intensity: 438.78, Region: ERCOT, Type: Actual
2025-01-28 20:06:09,007 - INFO - Pod: workload-1738094768, Node: normal-worker, Intensity: 241.74, Region: DE, Type: Planned
2025-01-28 20:06:09,551 - INFO - Pod: workload-1738094768, Node: normal-worker, Intensity: 241.74, Region: DE, Type: Actual
2025-01-28 20:06:19,482 - INFO - Pod: workload-1738094779, Node: normal-worker3, Intensity: 68.25, Region: NL, Type: Planned
2025-01-28 20:06:19,823 - INFO - Pod: workload-1738094779, Node: normal-worker3, Intensity: 68.25, Region: NL, Type: Actual
2025-01-28 20:06:29,927 - INFO - Pod: workload-1738094789, Node: normal-worker, Intensity: 241.74, Region: DE, Type: Planned
2025-01-28 20:06:30,277 - INFO - Pod: workload-1738094789, Node: normal-worker, Intensity: 241.74, Region: DE, Type: Actual
2025-01-28 20:06:40,138 - INFO - Pod: workload-1738094800, Node: normal-worker3, Intensity: 68.25, Region: NL, Type: Planned
2025-01-28 20:06:40,659 - INFO - Pod: workload-1738094800, Node: normal-worker3, Intensity: 68.25, Region: NL, Type: Actual
2025-01-28 20:06:50,642 - INFO - Pod: workload-1738094810, Node: normal-worker2, Intensity: 422.22, Region: ERCOT, Type: Planned
2025-01-28 20:06:51,158 - INFO - Pod: workload-1738094810, Node: normal-worker2, Intensity: 422.22, Region: ERCOT, Type: Actual
2025-01-28 20:07:00,985 - INFO - Pod: workload-1738094820, Node: normal-worker2, Intensity: 420.49, Region: ERCOT, Type: Planned
2025-01-28 20:07:01,356 - INFO - Pod: workload-1738094820, Node: normal-worker2, Intensity: 420.49, Region: ERCOT, Type: Actual
2025-01-28 20:07:11,382 - INFO - Pod: workload-1738094831, Node: normal-worker3, Intensity: 65.05, Region: NL, Type: Planned
2025-01-28 20:07:11,941 - INFO - Pod: workload-1738094831, Node: normal-worker3, Intensity: 65.05, Region: NL, Type: Actual
2025-01-28 20:07:21,702 - INFO - Pod: workload-1738094841, Node: normal-worker3, Intensity: 65.05, Region: NL, Type: Planned
2025-01-28 20:07:22,273 - INFO - Pod: workload-1738094841, Node: normal-worker3, Intensity: 65.05, Region: NL, Type: Actual
2025-01-28 20:07:32,013 - INFO - Pod: workload-1738094851, Node: normal-worker3, Intensity: 65.05, Region: NL, Type: Planned
2025-01-28 20:07:32,586 - INFO - Pod: workload-1738094851, Node: normal-worker3, Intensity: 65.05, Region: NL, Type: Actual
2025-01-28 20:07:42,433 - INFO - Pod: workload-1738094862, Node: normal-worker3, Intensity: 65.05, Region: NL, Type: Planned
2025-01-28 20:07:42,939 - INFO - Pod: workload-1738094862, Node: normal-worker3, Intensity: 65.05, Region: NL, Type: Actual
2025-01-28 20:07:52,727 - INFO - Pod: workload-1738094872, Node: normal-worker, Intensity: 213.3, Region: DE, Type: Planned
2025-01-28 20:07:53,057 - INFO - Pod: workload-1738094872, Node: normal-worker, Intensity: 213.3, Region: DE, Type: Actual
2025-01-28 20:08:03,209 - INFO - Pod: workload-1738094883, Node: normal-worker2, Intensity: 420.41, Region: ERCOT, Type: Planned
2025-01-28 20:08:03,585 - INFO - Pod: workload-1738094883, Node: normal-worker2, Intensity: 420.41, Region: ERCOT, Type: Actual
2025-01-28 20:08:13,360 - INFO - Pod: workload-1738094893, Node: normal-worker2, Intensity: 420.41, Region: ERCOT, Type: Planned
2025-01-28 20:08:13,866 - INFO - Pod: workload-1738094893, Node: normal-worker2, Intensity: 420.41, Region: ERCOT, Type: Actual
2025-01-28 20:08:23,659 - INFO - Pod: workload-1738094903, Node: normal-worker, Intensity: 194.98, Region: DE, Type: Planned
2025-01-28 20:08:24,181 - INFO - Pod: workload-1738094903, Node: normal-worker, Intensity: 194.98, Region: DE, Type: Actual
2025-01-28 20:08:34,069 - INFO - Pod: workload-1738094914, Node: normal-worker3, Intensity: 56.64, Region: NL, Type: Planned
2025-01-28 20:08:34,590 - INFO - Pod: workload-1738094914, Node: normal-worker3, Intensity: 56.64, Region: NL, Type: Actual
2025-01-28 20:08:44,484 - INFO - Pod: workload-1738094924, Node: normal-worker2, Intensity: 420.41, Region: ERCOT, Type: Planned
2025-01-28 20:08:45,020 - INFO - Pod: workload-1738094924, Node: normal-worker2, Intensity: 420.41, Region: ERCOT, Type: Actual
2025-01-28 20:08:54,953 - INFO - Pod: workload-1738094934, Node: normal-worker3, Intensity: 56.64, Region: NL, Type: Planned
2025-01-28 20:08:55,532 - INFO - Pod: workload-1738094934, Node: normal-worker3, Intensity: 56.64, Region: NL, Type: Actual
2025-01-28 20:09:05,494 - INFO - Pod: workload-1738094945, Node: normal-worker, Intensity: 181.64, Region: DE, Type: Planned
2025-01-28 20:09:06,032 - INFO - Pod: workload-1738094945, Node: normal-worker, Intensity: 181.64, Region: DE, Type: Actual
2025-01-28 20:09:15,911 - INFO - Pod: workload-1738094955, Node: normal-worker3, Intensity: 54.62, Region: NL, Type: Planned
2025-01-28 20:09:16,472 - INFO - Pod: workload-1738094955, Node: normal-worker3, Intensity: 54.62, Region: NL, Type: Actual
2025-01-28 20:09:26,452 - INFO - Pod: workload-1738094966, Node: normal-worker2, Intensity: 426.81, Region: ERCOT, Type: Planned
2025-01-28 20:09:26,810 - INFO - Pod: workload-1738094966, Node: normal-worker2, Intensity: 426.81, Region: ERCOT, Type: Actual
2025-01-28 20:09:36,907 - INFO - Pod: workload-1738094976, Node: normal-worker2, Intensity: 426.81, Region: ERCOT, Type: Planned
2025-01-28 20:09:37,470 - INFO - Pod: workload-1738094976, Node: normal-worker2, Intensity: 426.81, Region: ERCOT, Type: Actual
